#
# A fatal error has been detected by the Java Runtime Environment:
#
#  EXCEPTION_ACCESS_VIOLATION (0xc0000005) at pc=0x0000000180005b00, pid=12612, tid=544
#
# JRE version: Java(TM) SE Runtime Environment (10.0.2+13) (build 10.0.2+13)
# Java VM: Java HotSpot(TM) 64-Bit Server VM (10.0.2+13, mixed mode, tiered, compressed oops, g1 gc, windows-amd64)
# Problematic frame:
# C  [rxtxSerial.dll+0x5b00]
#
# No core dump will be written. Minidumps are not enabled by default on client versions of Windows
#
# If you would like to submit a bug report, please visit:
#   http://bugreport.java.com/bugreport/crash.jsp
# The crash happened outside the Java Virtual Machine in native code.
# See problematic frame for where to report the bug.
#

---------------  S U M M A R Y ------------

Command Line: -javaagent:C:\Program Files\JetBrains\IntelliJ IDEA Community Edition 2018.2.3\lib\idea_rt.jar=53119:C:\Program Files\JetBrains\IntelliJ IDEA Community Edition 2018.2.3\bin -Dfile.encoding=UTF-8 com.core.Main

Host: Intel(R) Core(TM) i7-8550U CPU @ 1.80GHz, 8 cores, 7G,  Windows 10 , 64 bit Build 17134 (10.0.17134.648)
Time: Sun Apr 21 13:47:00 2019 Eastern Daylight Time elapsed time: 1 seconds (0d 0h 0m 1s)

---------------  T H R E A D  ---------------

Current thread (0x0000023065ca6800):  JavaThread "Thread-2" [_thread_in_native, id=544, stack(0x0000005528800000,0x0000005528900000)]

Stack: [0x0000005528800000,0x0000005528900000],  sp=0x00000055288fe080,  free space=1016k
Native frames: (J=compiled Java code, j=interpreted, Vv=VM code, C=native code)
C  [rxtxSerial.dll+0x5b00]

Java frames: (J=compiled Java code, j=interpreted, Vv=VM code)
j  gnu.io.RXTXPort.readArray([BII)I+0
j  gnu.io.RXTXPort$SerialInputStream.read([BII)I+212
j  sun.nio.cs.StreamDecoder.readBytes()I+135 java.base@10.0.2
j  sun.nio.cs.StreamDecoder.implRead([CII)I+112 java.base@10.0.2
j  sun.nio.cs.StreamDecoder.read([CII)I+180 java.base@10.0.2
j  java.io.InputStreamReader.read([CII)I+7 java.base@10.0.2
j  java.io.BufferedReader.fill()V+145 java.base@10.0.2
j  java.io.BufferedReader.readLine(Z)Ljava/lang/String;+44 java.base@10.0.2
j  java.io.BufferedReader.readLine()Ljava/lang/String;+2 java.base@10.0.2
j  com.controls.SerialParse.serialEvent(Lgnu/io/SerialPortEvent;)V+26
j  gnu.io.RXTXPort.sendEvent(IZ)Z+382
v  ~StubRoutines::call_stub
j  gnu.io.RXTXPort.eventLoop()V+0
j  gnu.io.RXTXPort$MonitorThread.run()V+12
v  ~StubRoutines::call_stub

siginfo: EXCEPTION_ACCESS_VIOLATION (0xc0000005), reading address 0x00000000288fee88


Register to memory mapping:

RIP=0x0000000180005b00 rxtxSerial.dll
RAX=0x0000000000000001 is an unknown value
RBX=0x0000000000000000 is an unknown value
RCX=0x000000018001d4d5 rxtxSerial.dll
RDX=0xfffffffffffff665 is an unknown value
RSP=0x00000055288fe080 is pointing into the stack for thread: 0x0000023065ca6800
RBP=
[error occurred during error reporting (printing register info), id 0xc0000005]

Registers:
RAX=0x0000000000000001, RBX=0x0000000000000000, RCX=0x000000018001d4d5, RDX=0xfffffffffffff665
RSP=0x00000055288fe080, RBP=0x00000000ffffffff, RSI=0x0000000000000000, RDI=0x0000023065ca6a70
R8 =0x0000000000000002, R9 =0xfffffffffffff63c, R10=0x0000000000000032, R11=0x8101010101010100
R12=0x00000000288fee80, R13=0x000000000000000e, R14=0x00000055288fe268, R15=0x0000000000000000
RIP=0x0000000180005b00, EFLAGS=0x0000000000010202

Top of Stack: (sp=0x00000055288fe080)
0x00000055288fe080:   0000000000000000 0000000000000000
0x00000055288fe090:   00000055288fe270 0000000000000000
0x00000055288fe0a0:   0000000000000000 00000055288fe268
0x00000055288fe0b0:   0000023067a1df98 0000000000000001
0x00000055288fe0c0:   0000023065ca6a70 000000000000000e
0x00000055288fe0d0:   ffffffffffffffff 0000000180006211
0x00000055288fe0e0:   0000023065d11730 0000000000000000
0x00000055288fe0f0:   ffffffff00000001 0000023065d11730
0x00000055288fe100:   000000550000000e 00000000ffffffff
0x00000055288fe110:   00000055288fe270 0000023067a1dfa0
0x00000055288fe120:   0000023067a1dfa0 00000230652f1010
0x00000055288fe130:   00000055288feb08 0000000059a946e3
0x00000055288fe140:   0000023065ca6800 0000000059c89277
0x00000055288fe150:   3ff0000000000000 0000fa81ded4dd69
0x00000055288fe160:   0000023067a1dfa0 0000023067a1df98
0x00000055288fe170:   0000023065ca6800 00000055288fe270 

Instructions: (pc=0x0000000180005b00)
0x0000000180005ae0:   15 23 7a 01 00 48 8d 48 60 e8 3a 5d 00 00 4c 8b
0x0000000180005af0:   e5 8b ac 24 88 00 00 00 44 8b ac 24 80 00 00 00
0x0000000180005b00:   45 8b 74 24 08 41 89 5c 24 08 41 8b fd 85 ed 78
0x0000000180005b10:   09 ff 15 e9 14 01 00 44 8b f8 45 85 ed 7e 4a 90 



---------------  P R O C E S S  ---------------

Threads class SMR info:
_java_thread_list=0x00000230653e2270, length=18, elements={
0x00000230641c8800, 0x00000230641d1000, 0x00000230641dc000, 0x00000230641dd000,
0x00000230641dd800, 0x00000230641de800, 0x0000023064b1a800, 0x0000023064b1d000,
0x0000023064b1e000, 0x0000023065060000, 0x0000023065143800, 0x0000023064159800,
0x0000023064e24800, 0x0000023064e25000, 0x00000230650e3800, 0x0000023065cca000,
0x0000023065ca6800, 0x00000230405b1800
}

Java Threads: ( => current thread )
  0x00000230641c8800 JavaThread "Reference Handler" daemon [_thread_blocked, id=3224, stack(0x0000005527700000,0x0000005527800000)]
  0x00000230641d1000 JavaThread "Finalizer" daemon [_thread_blocked, id=21616, stack(0x0000005527800000,0x0000005527900000)]
  0x00000230641dc000 JavaThread "Signal Dispatcher" daemon [_thread_blocked, id=22052, stack(0x0000005527900000,0x0000005527a00000)]
  0x00000230641dd000 JavaThread "Attach Listener" daemon [_thread_blocked, id=21148, stack(0x0000005527a00000,0x0000005527b00000)]
  0x00000230641dd800 JavaThread "C2 CompilerThread0" daemon [_thread_blocked, id=17892, stack(0x0000005527b00000,0x0000005527c00000)]
  0x00000230641de800 JavaThread "C2 CompilerThread1" daemon [_thread_blocked, id=6840, stack(0x0000005527c00000,0x0000005527d00000)]
  0x0000023064b1a800 JavaThread "C2 CompilerThread2" daemon [_thread_blocked, id=20516, stack(0x0000005527d00000,0x0000005527e00000)]
  0x0000023064b1d000 JavaThread "C1 CompilerThread3" daemon [_thread_blocked, id=20260, stack(0x0000005527e00000,0x0000005527f00000)]
  0x0000023064b1e000 JavaThread "Sweeper thread" daemon [_thread_blocked, id=4632, stack(0x0000005527f00000,0x0000005528000000)]
  0x0000023065060000 JavaThread "Common-Cleaner" daemon [_thread_blocked, id=18472, stack(0x0000005528000000,0x0000005528100000)]
  0x0000023065143800 JavaThread "Monitor Ctrl-Break" daemon [_thread_in_native, id=8976, stack(0x0000005528100000,0x0000005528200000)]
  0x0000023064159800 JavaThread "Service Thread" daemon [_thread_blocked, id=7420, stack(0x0000005528200000,0x0000005528300000)]
  0x0000023064e24800 JavaThread "Java2D Disposer" daemon [_thread_blocked, id=17704, stack(0x0000005528400000,0x0000005528500000)]
  0x0000023064e25000 JavaThread "AWT-Shutdown" [_thread_blocked, id=19424, stack(0x0000005528500000,0x0000005528600000)]
  0x00000230650e3800 JavaThread "AWT-Windows" daemon [_thread_in_native, id=15412, stack(0x0000005528600000,0x0000005528700000)]
  0x0000023065cca000 JavaThread "AWT-EventQueue-0" [_thread_blocked, id=21068, stack(0x0000005528700000,0x0000005528800000)]
=>0x0000023065ca6800 JavaThread "Thread-2" [_thread_in_native, id=544, stack(0x0000005528800000,0x0000005528900000)]
  0x00000230405b1800 JavaThread "DestroyJavaVM" [_thread_blocked, id=17744, stack(0x0000005526100000,0x0000005526200000)]

Other Threads:
  0x00000230641be800 VMThread "VM Thread" [stack: 0x0000005527600000,0x0000005527700000] [id=1004]
  0x000002306507f000 WatcherThread [stack: 0x0000005528300000,0x0000005528400000] [id=5664]
  0x00000230405cb800 GCTaskThread "GC Thread#0" [stack: 0x0000005526200000,0x0000005526300000] [id=5732]
  0x00000230405cd000 GCTaskThread "GC Thread#1" [stack: 0x0000005526300000,0x0000005526400000] [id=12408]
  0x00000230405d0000 GCTaskThread "GC Thread#2" [stack: 0x0000005526400000,0x0000005526500000] [id=21096]
  0x00000230405d2000 GCTaskThread "GC Thread#3" [stack: 0x0000005526500000,0x0000005526600000] [id=13484]
  0x00000230405dd000 GCTaskThread "GC Thread#4" [stack: 0x0000005526600000,0x0000005526700000] [id=9552]
  0x00000230405e9000 GCTaskThread "GC Thread#5" [stack: 0x0000005526700000,0x0000005526800000] [id=7868]
  0x00000230405e9800 GCTaskThread "GC Thread#6" [stack: 0x0000005526800000,0x0000005526900000] [id=11324]
  0x00000230405ea800 GCTaskThread "GC Thread#7" [stack: 0x0000005526900000,0x0000005526a00000] [id=13004]
  0x0000023040654000 ConcurrentGCThread "G1 Main Marker" [stack: 0x0000005526a00000,0x0000005526b00000] [id=11000]
  0x0000023040655000 ConcurrentGCThread "G1 Conc#0" [stack: 0x0000005526b00000,0x0000005526c00000] [id=20308]
  0x0000023040656000 ConcurrentGCThread "G1 Conc#1" [stack: 0x0000005526c00000,0x0000005526d00000] [id=13512]
  0x000002306402f800 ConcurrentGCThread "G1 Refine#0" [stack: 0x0000005526d00000,0x0000005526e00000] [id=13216]
  0x0000023064032800 ConcurrentGCThread "G1 Refine#1" [stack: 0x0000005526e00000,0x0000005526f00000] [id=532]
  0x0000023064033800 ConcurrentGCThread "G1 Refine#2" [stack: 0x0000005526f00000,0x0000005527000000] [id=5244]
  0x0000023064035800 ConcurrentGCThread "G1 Refine#3" [stack: 0x0000005527000000,0x0000005527100000] [id=11472]
  0x0000023064038000 ConcurrentGCThread "G1 Refine#4" [stack: 0x0000005527100000,0x0000005527200000] [id=15280]
  0x000002306404a800 ConcurrentGCThread "G1 Refine#5" [stack: 0x0000005527200000,0x0000005527300000] [id=15116]
  0x000002306404d000 ConcurrentGCThread "G1 Refine#6" [stack: 0x0000005527300000,0x0000005527400000] [id=21040]
  0x000002306404d800 ConcurrentGCThread "G1 Refine#7" [stack: 0x0000005527400000,0x0000005527500000] [id=18736]
  0x000002306404e800 ConcurrentGCThread "G1 Young RemSet Sampling" [stack: 0x0000005527500000,0x0000005527600000] [id=21884]

Threads with active compile tasks:

VM state:not at safepoint (normal execution)

VM Mutex/Monitor currently owned by a thread: None

Heap address: 0x0000000081c00000, size: 2020 MB, Compressed Oops mode: 32-bit
Narrow klass base: 0x0000000000000000, Narrow klass shift: 3
Compressed class space size: 1073741824 Address: 0x0000000100000000

Heap:
 garbage-first heap   total 131072K, used 19456K [0x0000000081c00000, 0x0000000100000000)
  region size 1024K, 14 young (14336K), 0 survivors (0K)
 Metaspace       used 14736K, capacity 15059K, committed 15232K, reserved 1062912K
  class space    used 1469K, capacity 1652K, committed 1664K, reserved 1048576K
Heap Regions: E=young(eden), S=young(survivor), O=old, HS=humongous(starts), HC=humongous(continues), CS=collection set, F=free, A=archive, TS=gc time stamp, AC=allocation context, TAMS=top-at-mark-start (previous, next)
|   0|0x0000000081c00000, 0x0000000081d00000, 0x0000000081d00000|100%|HS|  |TS  0|AC  0|TAMS 0x0000000081c00000, 0x0000000081c00000|
|   1|0x0000000081d00000, 0x0000000081e00000, 0x0000000081e00000|100%|HC|  |TS  0|AC  0|TAMS 0x0000000081d00000, 0x0000000081d00000|
|   2|0x0000000081e00000, 0x0000000081f00000, 0x0000000081f00000|100%|HS|  |TS  0|AC  0|TAMS 0x0000000081e00000, 0x0000000081e00000|
|   3|0x0000000081f00000, 0x0000000082000000, 0x0000000082000000|100%|HC|  |TS  0|AC  0|TAMS 0x0000000081f00000, 0x0000000081f00000|
|   4|0x0000000082000000, 0x0000000082100000, 0x0000000082100000|100%|HC|  |TS  0|AC  0|TAMS 0x0000000082000000, 0x0000000082000000|
|   5|0x0000000082100000, 0x0000000082200000, 0x0000000082200000|100%|HC|  |TS  0|AC  0|TAMS 0x0000000082100000, 0x0000000082100000|
|   6|0x0000000082200000, 0x0000000082200000, 0x0000000082300000|  0%| F|  |TS  0|AC  0|TAMS 0x0000000082200000, 0x0000000082200000|
|   7|0x0000000082300000, 0x0000000082300000, 0x0000000082400000|  0%| F|  |TS  0|AC  0|TAMS 0x0000000082300000, 0x0000000082300000|
|   8|0x0000000082400000, 0x0000000082400000, 0x0000000082500000|  0%| F|  |TS  0|AC  0|TAMS 0x0000000082400000, 0x0000000082400000|
|   9|0x0000000082500000, 0x0000000082500000, 0x0000000082600000|  0%| F|  |TS  0|AC  0|TAMS 0x0000000082500000, 0x0000000082500000|
|  10|0x0000000082600000, 0x0000000082600000, 0x0000000082700000|  0%| F|  |TS  0|AC  0|TAMS 0x0000000082600000, 0x0000000082600000|
|  11|0x0000000082700000, 0x0000000082700000, 0x0000000082800000|  0%| F|  |TS  0|AC  0|TAMS 0x0000000082700000, 0x0000000082700000|
|  12|0x0000000082800000, 0x0000000082800000, 0x0000000082900000|  0%| F|  |TS  0|AC  0|TAMS 0x0000000082800000, 0x0000000082800000|
|  13|0x0000000082900000, 0x0000000082900000, 0x0000000082a00000|  0%| F|  |TS  0|AC  0|TAMS 0x0000000082900000, 0x0000000082900000|
|  14|0x0000000082a00000, 0x0000000082a00000, 0x0000000082b00000|  0%| F|  |TS  0|AC  0|TAMS 0x0000000082a00000, 0x0000000082a00000|
|  15|0x0000000082b00000, 0x0000000082b00000, 0x0000000082c00000|  0%| F|  |TS  0|AC  0|TAMS 0x0000000082b00000, 0x0000000082b00000|
|  16|0x0000000082c00000, 0x0000000082c00000, 0x0000000082d00000|  0%| F|  |TS  0|AC  0|TAMS 0x0000000082c00000, 0x0000000082c00000|
|  17|0x0000000082d00000, 0x0000000082d00000, 0x0000000082e00000|  0%| F|  |TS  0|AC  0|TAMS 0x0000000082d00000, 0x0000000082d00000|
|  18|0x0000000082e00000, 0x0000000082e00000, 0x0000000082f00000|  0%| F|  |TS  0|AC  0|TAMS 0x0000000082e00000, 0x0000000082e00000|
|  19|0x0000000082f00000, 0x0000000082f00000, 0x0000000083000000|  0%| F|  |TS  0|AC  0|TAMS 0x0000000082f00000, 0x0000000082f00000|
|  20|0x0000000083000000, 0x0000000083000000, 0x0000000083100000|  0%| F|  |TS  0|AC  0|TAMS 0x0000000083000000, 0x0000000083000000|
|  21|0x0000000083100000, 0x0000000083100000, 0x0000000083200000|  0%| F|  |TS  0|AC  0|TAMS 0x0000000083100000, 0x0000000083100000|
|  22|0x0000000083200000, 0x0000000083200000, 0x0000000083300000|  0%| F|  |TS  0|AC  0|TAMS 0x0000000083200000, 0x0000000083200000|
|  23|0x0000000083300000, 0x0000000083300000, 0x0000000083400000|  0%| F|  |TS  0|AC  0|TAMS 0x0000000083300000, 0x0000000083300000|
|  24|0x0000000083400000, 0x0000000083400000, 0x0000000083500000|  0%| F|  |TS  0|AC  0|TAMS 0x0000000083400000, 0x0000000083400000|
|  25|0x0000000083500000, 0x0000000083500000, 0x0000000083600000|  0%| F|  |TS  0|AC  0|TAMS 0x0000000083500000, 0x0000000083500000|
|  26|0x0000000083600000, 0x0000000083600000, 0x0000000083700000|  0%| F|  |TS  0|AC  0|TAMS 0x0000000083600000, 0x0000000083600000|
|  27|0x0000000083700000, 0x0000000083700000, 0x0000000083800000|  0%| F|  |TS  0|AC  0|TAMS 0x0000000083700000, 0x0000000083700000|
|  28|0x0000000083800000, 0x0000000083800000, 0x0000000083900000|  0%| F|  |TS  0|AC  0|TAMS 0x0000000083800000, 0x0000000083800000|
|  29|0x0000000083900000, 0x0000000083900000, 0x0000000083a00000|  0%| F|  |TS  0|AC  0|TAMS 0x0000000083900000, 0x0000000083900000|
|  30|0x0000000083a00000, 0x0000000083a00000, 0x0000000083b00000|  0%| F|  |TS  0|AC  0|TAMS 0x0000000083a00000, 0x0000000083a00000|
|  31|0x0000000083b00000, 0x0000000083b00000, 0x0000000083c00000|  0%| F|  |TS  0|AC  0|TAMS 0x0000000083b00000, 0x0000000083b00000|
|  32|0x0000000083c00000, 0x0000000083c00000, 0x0000000083d00000|  0%| F|  |TS  0|AC  0|TAMS 0x0000000083c00000, 0x0000000083c00000|
|  33|0x0000000083d00000, 0x0000000083d00000, 0x0000000083e00000|  0%| F|  |TS  0|AC  0|TAMS 0x0000000083d00000, 0x0000000083d00000|
|  34|0x0000000083e00000, 0x0000000083e00000, 0x0000000083f00000|  0%| F|  |TS  0|AC  0|TAMS 0x0000000083e00000, 0x0000000083e00000|
|  35|0x0000000083f00000, 0x0000000083f00000, 0x0000000084000000|  0%| F|  |TS  0|AC  0|TAMS 0x0000000083f00000, 0x0000000083f00000|
|  36|0x0000000084000000, 0x0000000084000000, 0x0000000084100000|  0%| F|  |TS  0|AC  0|TAMS 0x0000000084000000, 0x0000000084000000|
|  37|0x0000000084100000, 0x0000000084100000, 0x0000000084200000|  0%| F|  |TS  0|AC  0|TAMS 0x0000000084100000, 0x0000000084100000|
|  38|0x0000000084200000, 0x0000000084200000, 0x0000000084300000|  0%| F|  |TS  0|AC  0|TAMS 0x0000000084200000, 0x0000000084200000|
|  39|0x0000000084300000, 0x0000000084300000, 0x0000000084400000|  0%| F|  |TS  0|AC  0|TAMS 0x0000000084300000, 0x0000000084300000|
|  40|0x0000000084400000, 0x0000000084400000, 0x0000000084500000|  0%| F|  |TS  0|AC  0|TAMS 0x0000000084400000, 0x0000000084400000|
|  41|0x0000000084500000, 0x0000000084500000, 0x0000000084600000|  0%| F|  |TS  0|AC  0|TAMS 0x0000000084500000, 0x0000000084500000|
|  42|0x0000000084600000, 0x0000000084600000, 0x0000000084700000|  0%| F|  |TS  0|AC  0|TAMS 0x0000000084600000, 0x0000000084600000|
|  43|0x0000000084700000, 0x0000000084700000, 0x0000000084800000|  0%| F|  |TS  0|AC  0|TAMS 0x0000000084700000, 0x0000000084700000|
|  44|0x0000000084800000, 0x0000000084800000, 0x0000000084900000|  0%| F|  |TS  0|AC  0|TAMS 0x0000000084800000, 0x0000000084800000|
|  45|0x0000000084900000, 0x0000000084900000, 0x0000000084a00000|  0%| F|  |TS  0|AC  0|TAMS 0x0000000084900000, 0x0000000084900000|
|  46|0x0000000084a00000, 0x0000000084a00000, 0x0000000084b00000|  0%| F|  |TS  0|AC  0|TAMS 0x0000000084a00000, 0x0000000084a00000|
|  47|0x0000000084b00000, 0x0000000084b00000, 0x0000000084c00000|  0%| F|  |TS  0|AC  0|TAMS 0x0000000084b00000, 0x0000000084b00000|
|  48|0x0000000084c00000, 0x0000000084c00000, 0x0000000084d00000|  0%| F|  |TS  0|AC  0|TAMS 0x0000000084c00000, 0x0000000084c00000|
|  49|0x0000000084d00000, 0x0000000084d00000, 0x0000000084e00000|  0%| F|  |TS  0|AC  0|TAMS 0x0000000084d00000, 0x0000000084d00000|
|  50|0x0000000084e00000, 0x0000000084e00000, 0x0000000084f00000|  0%| F|  |TS  0|AC  0|TAMS 0x0000000084e00000, 0x0000000084e00000|
|  51|0x0000000084f00000, 0x0000000084f00000, 0x0000000085000000|  0%| F|  |TS  0|AC  0|TAMS 0x0000000084f00000, 0x0000000084f00000|
|  52|0x0000000085000000, 0x0000000085000000, 0x0000000085100000|  0%| F|  |TS  0|AC  0|TAMS 0x0000000085000000, 0x0000000085000000|
|  53|0x0000000085100000, 0x0000000085100000, 0x0000000085200000|  0%| F|  |TS  0|AC  0|TAMS 0x0000000085100000, 0x0000000085100000|
|  54|0x0000000085200000, 0x0000000085200000, 0x0000000085300000|  0%| F|  |TS  0|AC  0|TAMS 0x0000000085200000, 0x0000000085200000|
|  55|0x0000000085300000, 0x0000000085300000, 0x0000000085400000|  0%| F|  |TS  0|AC  0|TAMS 0x0000000085300000, 0x0000000085300000|
|  56|0x0000000085400000, 0x0000000085400000, 0x0000000085500000|  0%| F|  |TS  0|AC  0|TAMS 0x0000000085400000, 0x0000000085400000|
|  57|0x0000000085500000, 0x0000000085500000, 0x0000000085600000|  0%| F|  |TS  0|AC  0|TAMS 0x0000000085500000, 0x0000000085500000|
|  58|0x0000000085600000, 0x0000000085600000, 0x0000000085700000|  0%| F|  |TS  0|AC  0|TAMS 0x0000000085600000, 0x0000000085600000|
|  59|0x0000000085700000, 0x0000000085700000, 0x0000000085800000|  0%| F|  |TS  0|AC  0|TAMS 0x0000000085700000, 0x0000000085700000|
|  60|0x0000000085800000, 0x0000000085800000, 0x0000000085900000|  0%| F|  |TS  0|AC  0|TAMS 0x0000000085800000, 0x0000000085800000|
|  61|0x0000000085900000, 0x0000000085900000, 0x0000000085a00000|  0%| F|  |TS  0|AC  0|TAMS 0x0000000085900000, 0x0000000085900000|
|  62|0x0000000085a00000, 0x0000000085a00000, 0x0000000085b00000|  0%| F|  |TS  0|AC  0|TAMS 0x0000000085a00000, 0x0000000085a00000|
|  63|0x0000000085b00000, 0x0000000085b00000, 0x0000000085c00000|  0%| F|  |TS  0|AC  0|TAMS 0x0000000085b00000, 0x0000000085b00000|
|  64|0x0000000085c00000, 0x0000000085c00000, 0x0000000085d00000|  0%| F|  |TS  0|AC  0|TAMS 0x0000000085c00000, 0x0000000085c00000|
|  65|0x0000000085d00000, 0x0000000085d00000, 0x0000000085e00000|  0%| F|  |TS  0|AC  0|TAMS 0x0000000085d00000, 0x0000000085d00000|
|  66|0x0000000085e00000, 0x0000000085e00000, 0x0000000085f00000|  0%| F|  |TS  0|AC  0|TAMS 0x0000000085e00000, 0x0000000085e00000|
|  67|0x0000000085f00000, 0x0000000085f00000, 0x0000000086000000|  0%| F|  |TS  0|AC  0|TAMS 0x0000000085f00000, 0x0000000085f00000|
|  68|0x0000000086000000, 0x0000000086000000, 0x0000000086100000|  0%| F|  |TS  0|AC  0|TAMS 0x0000000086000000, 0x0000000086000000|
|  69|0x0000000086100000, 0x0000000086100000, 0x0000000086200000|  0%| F|  |TS  0|AC  0|TAMS 0x0000000086100000, 0x0000000086100000|
|  70|0x0000000086200000, 0x0000000086200000, 0x0000000086300000|  0%| F|  |TS  0|AC  0|TAMS 0x0000000086200000, 0x0000000086200000|
|  71|0x0000000086300000, 0x0000000086300000, 0x0000000086400000|  0%| F|  |TS  0|AC  0|TAMS 0x0000000086300000, 0x0000000086300000|
|  72|0x0000000086400000, 0x0000000086400000, 0x0000000086500000|  0%| F|  |TS  0|AC  0|TAMS 0x0000000086400000, 0x0000000086400000|
|  73|0x0000000086500000, 0x0000000086500000, 0x0000000086600000|  0%| F|  |TS  0|AC  0|TAMS 0x0000000086500000, 0x0000000086500000|
|  74|0x0000000086600000, 0x0000000086600000, 0x0000000086700000|  0%| F|  |TS  0|AC  0|TAMS 0x0000000086600000, 0x0000000086600000|
|  75|0x0000000086700000, 0x0000000086700000, 0x0000000086800000|  0%| F|  |TS  0|AC  0|TAMS 0x0000000086700000, 0x0000000086700000|
|  76|0x0000000086800000, 0x0000000086800000, 0x0000000086900000|  0%| F|  |TS  0|AC  0|TAMS 0x0000000086800000, 0x0000000086800000|
|  77|0x0000000086900000, 0x0000000086900000, 0x0000000086a00000|  0%| F|  |TS  0|AC  0|TAMS 0x0000000086900000, 0x0000000086900000|
|  78|0x0000000086a00000, 0x0000000086a00000, 0x0000000086b00000|  0%| F|  |TS  0|AC  0|TAMS 0x0000000086a00000, 0x0000000086a00000|
|  79|0x0000000086b00000, 0x0000000086b00000, 0x0000000086c00000|  0%| F|  |TS  0|AC  0|TAMS 0x0000000086b00000, 0x0000000086b00000|
|  80|0x0000000086c00000, 0x0000000086c00000, 0x0000000086d00000|  0%| F|  |TS  0|AC  0|TAMS 0x0000000086c00000, 0x0000000086c00000|
|  81|0x0000000086d00000, 0x0000000086d00000, 0x0000000086e00000|  0%| F|  |TS  0|AC  0|TAMS 0x0000000086d00000, 0x0000000086d00000|
|  82|0x0000000086e00000, 0x0000000086e00000, 0x0000000086f00000|  0%| F|  |TS  0|AC  0|TAMS 0x0000000086e00000, 0x0000000086e00000|
|  83|0x0000000086f00000, 0x0000000086f00000, 0x0000000087000000|  0%| F|  |TS  0|AC  0|TAMS 0x0000000086f00000, 0x0000000086f00000|
|  84|0x0000000087000000, 0x0000000087000000, 0x0000000087100000|  0%| F|  |TS  0|AC  0|TAMS 0x0000000087000000, 0x0000000087000000|
|  85|0x0000000087100000, 0x0000000087100000, 0x0000000087200000|  0%| F|  |TS  0|AC  0|TAMS 0x0000000087100000, 0x0000000087100000|
|  86|0x0000000087200000, 0x0000000087200000, 0x0000000087300000|  0%| F|  |TS  0|AC  0|TAMS 0x0000000087200000, 0x0000000087200000|
|  87|0x0000000087300000, 0x0000000087300000, 0x0000000087400000|  0%| F|  |TS  0|AC  0|TAMS 0x0000000087300000, 0x0000000087300000|
|  88|0x0000000087400000, 0x0000000087400000, 0x0000000087500000|  0%| F|  |TS  0|AC  0|TAMS 0x0000000087400000, 0x0000000087400000|
|  89|0x0000000087500000, 0x0000000087500000, 0x0000000087600000|  0%| F|  |TS  0|AC  0|TAMS 0x0000000087500000, 0x0000000087500000|
|  90|0x0000000087600000, 0x0000000087600000, 0x0000000087700000|  0%| F|  |TS  0|AC  0|TAMS 0x0000000087600000, 0x0000000087600000|
|  91|0x0000000087700000, 0x0000000087700000, 0x0000000087800000|  0%| F|  |TS  0|AC  0|TAMS 0x0000000087700000, 0x0000000087700000|
|  92|0x0000000087800000, 0x0000000087800000, 0x0000000087900000|  0%| F|  |TS  0|AC  0|TAMS 0x0000000087800000, 0x0000000087800000|
|  93|0x0000000087900000, 0x0000000087900000, 0x0000000087a00000|  0%| F|  |TS  0|AC  0|TAMS 0x0000000087900000, 0x0000000087900000|
|  94|0x0000000087a00000, 0x0000000087a00000, 0x0000000087b00000|  0%| F|  |TS  0|AC  0|TAMS 0x0000000087a00000, 0x0000000087a00000|
|  95|0x0000000087b00000, 0x0000000087b00000, 0x0000000087c00000|  0%| F|  |TS  0|AC  0|TAMS 0x0000000087b00000, 0x0000000087b00000|
|  96|0x0000000087c00000, 0x0000000087c00000, 0x0000000087d00000|  0%| F|  |TS  0|AC  0|TAMS 0x0000000087c00000, 0x0000000087c00000|
|  97|0x0000000087d00000, 0x0000000087d00000, 0x0000000087e00000|  0%| F|  |TS  0|AC  0|TAMS 0x0000000087d00000, 0x0000000087d00000|
|  98|0x0000000087e00000, 0x0000000087e00000, 0x0000000087f00000|  0%| F|  |TS  0|AC  0|TAMS 0x0000000087e00000, 0x0000000087e00000|
|  99|0x0000000087f00000, 0x0000000087f00000, 0x0000000088000000|  0%| F|  |TS  0|AC  0|TAMS 0x0000000087f00000, 0x0000000087f00000|
| 100|0x0000000088000000, 0x0000000088000000, 0x0000000088100000|  0%| F|  |TS  0|AC  0|TAMS 0x0000000088000000, 0x0000000088000000|
| 101|0x0000000088100000, 0x0000000088100000, 0x0000000088200000|  0%| F|  |TS  0|AC  0|TAMS 0x0000000088100000, 0x0000000088100000|
| 102|0x0000000088200000, 0x0000000088200000, 0x0000000088300000|  0%| F|  |TS  0|AC  0|TAMS 0x0000000088200000, 0x0000000088200000|
| 103|0x0000000088300000, 0x0000000088300000, 0x0000000088400000|  0%| F|  |TS  0|AC  0|TAMS 0x0000000088300000, 0x0000000088300000|
| 104|0x0000000088400000, 0x0000000088400000, 0x0000000088500000|  0%| F|  |TS  0|AC  0|TAMS 0x0000000088400000, 0x0000000088400000|
| 105|0x0000000088500000, 0x0000000088500000, 0x0000000088600000|  0%| F|  |TS  0|AC  0|TAMS 0x0000000088500000, 0x0000000088500000|
| 106|0x0000000088600000, 0x0000000088600000, 0x0000000088700000|  0%| F|  |TS  0|AC  0|TAMS 0x0000000088600000, 0x0000000088600000|
| 107|0x0000000088700000, 0x0000000088700000, 0x0000000088800000|  0%| F|  |TS  0|AC  0|TAMS 0x0000000088700000, 0x0000000088700000|
| 108|0x0000000088800000, 0x0000000088800000, 0x0000000088900000|  0%| F|  |TS  0|AC  0|TAMS 0x0000000088800000, 0x0000000088800000|
| 109|0x0000000088900000, 0x0000000088900000, 0x0000000088a00000|  0%| F|  |TS  0|AC  0|TAMS 0x0000000088900000, 0x0000000088900000|
| 110|0x0000000088a00000, 0x0000000088a00000, 0x0000000088b00000|  0%| F|  |TS  0|AC  0|TAMS 0x0000000088a00000, 0x0000000088a00000|
| 111|0x0000000088b00000, 0x0000000088b00000, 0x0000000088c00000|  0%| F|  |TS  0|AC  0|TAMS 0x0000000088b00000, 0x0000000088b00000|
| 112|0x0000000088c00000, 0x0000000088c00000, 0x0000000088d00000|  0%| F|  |TS  0|AC  0|TAMS 0x0000000088c00000, 0x0000000088c00000|
| 113|0x0000000088d00000, 0x0000000088d00000, 0x0000000088e00000|  0%| F|  |TS  0|AC  0|TAMS 0x0000000088d00000, 0x0000000088d00000|
| 114|0x0000000088e00000, 0x0000000088f00000, 0x0000000088f00000|100%| E|  |TS  0|AC  0|TAMS 0x0000000088e00000, 0x0000000088e00000|
| 115|0x0000000088f00000, 0x0000000089000000, 0x0000000089000000|100%| E|CS|TS  0|AC  0|TAMS 0x0000000088f00000, 0x0000000088f00000|
| 116|0x0000000089000000, 0x0000000089100000, 0x0000000089100000|100%| E|CS|TS  0|AC  0|TAMS 0x0000000089000000, 0x0000000089000000|
| 117|0x0000000089100000, 0x0000000089200000, 0x0000000089200000|100%| E|CS|TS  0|AC  0|TAMS 0x0000000089100000, 0x0000000089100000|
| 118|0x0000000089200000, 0x0000000089300000, 0x0000000089300000|100%| E|CS|TS  0|AC  0|TAMS 0x0000000089200000, 0x0000000089200000|
| 119|0x0000000089300000, 0x0000000089400000, 0x0000000089400000|100%| E|CS|TS  0|AC  0|TAMS 0x0000000089300000, 0x0000000089300000|
| 120|0x0000000089400000, 0x0000000089500000, 0x0000000089500000|100%| E|CS|TS  0|AC  0|TAMS 0x0000000089400000, 0x0000000089400000|
| 121|0x0000000089500000, 0x0000000089600000, 0x0000000089600000|100%| E|CS|TS  0|AC  0|TAMS 0x0000000089500000, 0x0000000089500000|
| 122|0x0000000089600000, 0x0000000089700000, 0x0000000089700000|100%| E|CS|TS  0|AC  0|TAMS 0x0000000089600000, 0x0000000089600000|
| 123|0x0000000089700000, 0x0000000089800000, 0x0000000089800000|100%| E|CS|TS  0|AC  0|TAMS 0x0000000089700000, 0x0000000089700000|
| 124|0x0000000089800000, 0x0000000089900000, 0x0000000089900000|100%| E|CS|TS  0|AC  0|TAMS 0x0000000089800000, 0x0000000089800000|
| 125|0x0000000089900000, 0x0000000089a00000, 0x0000000089a00000|100%| E|CS|TS  0|AC  0|TAMS 0x0000000089900000, 0x0000000089900000|
| 126|0x0000000089a00000, 0x0000000089b00000, 0x0000000089b00000|100%| E|CS|TS  0|AC  0|TAMS 0x0000000089a00000, 0x0000000089a00000|
| 127|0x0000000089b00000, 0x0000000089c00000, 0x0000000089c00000|100%| E|CS|TS  0|AC  0|TAMS 0x0000000089b00000, 0x0000000089b00000|

Card table byte_map: [0x000002305cfc0000,0x000002305d3c0000] byte_map_base: 0x000002305cbb2000

Marking Bits (Prev, Next): (CMBitMap*) 0x0000023040653520, (CMBitMap*) 0x0000023040653558
 Prev Bits: [0x000002305d7c0000, 0x000002305f750000)
 Next Bits: [0x000002305f750000, 0x00000230616e0000)

Polling page: 0x0000023040430000

CodeHeap 'non-profiled nmethods': size=120000Kb used=404Kb max_used=404Kb free=119595Kb
 bounds [0x0000023054c10000, 0x0000023054e80000, 0x000002305c140000]
CodeHeap 'profiled nmethods': size=120000Kb used=1507Kb max_used=1507Kb free=118492Kb
 bounds [0x000002304d6e0000, 0x000002304d950000, 0x0000023054c10000]
CodeHeap 'non-nmethods': size=5760Kb used=1191Kb max_used=1203Kb free=4569Kb
 bounds [0x000002304d140000, 0x000002304d3b0000, 0x000002304d6e0000]
 total_blobs=1738 nmethods=978 adapters=456
 compilation: enabled

Compilation events (10 events):
Event: 1.299 Thread 0x0000023064b1d000 nmethod 971 0x000002304d854290 code [0x000002304d854480, 0x000002304d854860]
Event: 1.305 Thread 0x00000230641de800  976       4       java.lang.StringLatin1::indexOf (121 bytes)
Event: 1.307 Thread 0x0000023064b1d000  977       1       jdk.internal.loader.URLClassPath$Loader::getBaseURL (5 bytes)
Event: 1.308 Thread 0x0000023064b1d000 nmethod 977 0x0000023054c73c90 code [0x0000023054c73e40, 0x0000023054c73f58]
Event: 1.311 Thread 0x0000023064b1a800 nmethod 972 0x0000023054c74010 code [0x0000023054c741a0, 0x0000023054c74558]
Event: 1.312 Thread 0x00000230641dd800  978       4       java.util.zip.ZipUtils::SH (21 bytes)
Event: 1.313 Thread 0x00000230641dd800 nmethod 978 0x0000023054c74690 code [0x0000023054c74820, 0x0000023054c748d8]
Event: 1.318 Thread 0x00000230641de800 nmethod 976 0x0000023054c74990 code [0x0000023054c74b40, 0x0000023054c74fb8]
Event: 1.319 Thread 0x0000023064b1d000  979       3       java.io.WinNTFileSystem::resolve (275 bytes)
Event: 1.326 Thread 0x0000023064b1d000 nmethod 979 0x000002304d854990 code [0x000002304d854ee0, 0x000002304d857be0]

GC Heap History (0 events):
No events

Deoptimization events (6 events):
Event: 0.191 Thread 0x00000230405b1800 Uncommon trap: reason=unstable_if action=reinterpret pc=0x0000023054c127ec method=java.lang.String.hashCode()I @ 14 c2
Event: 0.545 Thread 0x00000230405b1800 Uncommon trap: reason=unstable_if action=reinterpret pc=0x0000023054c33918 method=java.lang.StringLatin1.replace([BCC)Ljava/lang/String; @ 19 c2
Event: 0.674 Thread 0x00000230405b1800 Uncommon trap: reason=unstable_if action=reinterpret pc=0x0000023054c3ea7c method=java.nio.Buffer.hasRemaining()Z @ 8 c2
Event: 0.696 Thread 0x00000230405b1800 Uncommon trap: reason=unstable_if action=reinterpret pc=0x0000023054c1ced4 method=java.util.HashMap.putVal(ILjava/lang/Object;Ljava/lang/Object;ZZ)Ljava/lang/Object; @ 69 c2
Event: 1.116 Thread 0x00000230405b1800 Uncommon trap: reason=unstable_if action=reinterpret pc=0x0000023054c6373c method=java.util.HashMap.hash(Ljava/lang/Object;)I @ 1 c2
Event: 1.284 Thread 0x00000230405b1800 Uncommon trap: reason=unstable_if action=reinterpret pc=0x0000023054c649fc method=java.lang.AbstractStringBuilder.append(Ljava/lang/String;)Ljava/lang/AbstractStringBuilder; @ 1 c2

Classes redefined (0 events):
No events

Internal exceptions (10 events):
Event: 1.116 Thread 0x00000230405b1800 Implicit null exception at 0x0000023054c6207e to 0x0000023054c63726
Event: 1.144 Thread 0x00000230405b1800 Exception <a 'java/lang/NoSuchMethodError'{0x00000000891602f8}: java.lang.invoke.DirectMethodHandle$Holder.invokeStaticInit(Ljava/lang/Object;)V> (0x00000000891602f8) thrown at [t:/workspace/open/src/hotspot/share/interpreter/linkResolver.cpp, line 741]
Event: 1.198 Thread 0x00000230405b1800 Exception <a 'java/lang/NoSuchMethodError'{0x0000000088f50d28}: java.lang.invoke.DirectMethodHandle$Holder.invokeStatic(Ljava/lang/Object;Ljava/lang/Object;Ljava/lang/Object;Ljava/lang/Object;Ljava/lang/Object;Ljava/lang/Object;Ljava/lang/Object;Ljava/lan
Event: 1.200 Thread 0x00000230405b1800 Exception <a 'java/lang/NoSuchMethodError'{0x0000000088f71640}: java.lang.invoke.DirectMethodHandle$Holder.invokeStatic(Ljava/lang/Object;Ljava/lang/Object;Ljava/lang/Object;Ljava/lang/Object;Ljava/lang/Object;Ljava/lang/Object;Ljava/lang/Object;Ljava/lan
Event: 1.201 Thread 0x00000230405b1800 Exception <a 'java/lang/NoSuchMethodError'{0x0000000088f93000}: java.lang.invoke.DirectMethodHandle$Holder.invokeStatic(Ljava/lang/Object;Ljava/lang/Object;Ljava/lang/Object;Ljava/lang/Object;Ljava/lang/Object;Ljava/lang/Object;Ljava/lang/Object;Ljava/lan
Event: 1.284 Thread 0x00000230405b1800 Implicit null exception at 0x0000023054c64474 to 0x0000023054c649e2
Event: 1.284 Thread 0x00000230405b1800 Exception <a 'java/io/FileNotFoundException'{0x0000000088fec1c0}> (0x0000000088fec1c0) thrown at [t:/workspace/open/src/hotspot/share/prims/jni.cpp, line 611]
Event: 1.293 Thread 0x00000230405b1800 Exception <a 'java/io/FileNotFoundException'{0x0000000088ffdf70}> (0x0000000088ffdf70) thrown at [t:/workspace/open/src/hotspot/share/prims/jni.cpp, line 611]
Event: 1.302 Thread 0x00000230405b1800 Exception <a 'java/io/FileNotFoundException'{0x0000000088e0fcb8}> (0x0000000088e0fcb8) thrown at [t:/workspace/open/src/hotspot/share/prims/jni.cpp, line 611]
Event: 1.307 Thread 0x00000230405b1800 Exception <a 'java/io/FileNotFoundException'{0x0000000088e21390}> (0x0000000088e21390) thrown at [t:/workspace/open/src/hotspot/share/prims/jni.cpp, line 611]

Events (10 events):
Event: 1.320 loading class java/lang/IndexOutOfBoundsException done
Event: 1.343 loading class gnu/io/RXTXPort$MonitorThread
Event: 1.343 loading class gnu/io/RXTXPort$MonitorThread done
Event: 1.345 Thread 0x0000023065ca6800 Thread added: 0x0000023065ca6800
Event: 1.362 Thread 0x00000230405b1800 Thread exited: 0x00000230405b1800
Event: 1.362 Thread 0x00000230405b1800 Thread added: 0x00000230405b1800
Event: 1.422 loading class gnu/io/SerialPortEvent
Event: 1.422 loading class gnu/io/SerialPortEvent done
Event: 1.423 Executing VM operation: RevokeBias
Event: 1.423 Executing VM operation: RevokeBias done


Dynamic libraries:
0x00007ff794230000 - 0x00007ff79426e000 	C:\Program Files\Java\jdk-10.0.2\bin\java.exe
0x00007ffb40620000 - 0x00007ffb40801000 	C:\WINDOWS\SYSTEM32\ntdll.dll
0x00007ffb3fd20000 - 0x00007ffb3fdd2000 	C:\WINDOWS\System32\KERNEL32.DLL
0x00007ffb3d830000 - 0x00007ffb3daa3000 	C:\WINDOWS\System32\KERNELBASE.dll
0x00007ffb40410000 - 0x00007ffb404b1000 	C:\WINDOWS\System32\ADVAPI32.dll
0x00007ffb3ef60000 - 0x00007ffb3effe000 	C:\WINDOWS\System32\msvcrt.dll
0x00007ffb3f000000 - 0x00007ffb3f05b000 	C:\WINDOWS\System32\sechost.dll
0x00007ffb3f090000 - 0x00007ffb3f1b4000 	C:\WINDOWS\System32\RPCRT4.dll
0x00007ffb3fb90000 - 0x00007ffb3fd20000 	C:\WINDOWS\System32\USER32.dll
0x00007ffb3c9f0000 - 0x00007ffb3ca10000 	C:\WINDOWS\System32\win32u.dll
0x00007ffb3f590000 - 0x00007ffb3f5b8000 	C:\WINDOWS\System32\GDI32.dll
0x00007ffb3cb90000 - 0x00007ffb3cd22000 	C:\WINDOWS\System32\gdi32full.dll
0x00007ffb3caf0000 - 0x00007ffb3cb8f000 	C:\WINDOWS\System32\msvcp_win.dll
0x00007ffb3cd30000 - 0x00007ffb3ce28000 	C:\WINDOWS\System32\ucrtbase.dll
0x00007ffb20de0000 - 0x00007ffb21049000 	C:\WINDOWS\WinSxS\amd64_microsoft.windows.common-controls_6595b64144ccf1df_6.0.17134.648_none_fb45a0e93062a6d2\COMCTL32.dll
0x00007ffb40060000 - 0x00007ffb40382000 	C:\WINDOWS\System32\combase.dll
0x00007ffb29e70000 - 0x00007ffb29e7a000 	C:\WINDOWS\SYSTEM32\VERSION.dll
0x00007ffb3ca70000 - 0x00007ffb3caea000 	C:\WINDOWS\System32\bcryptPrimitives.dll
0x00007ffb3f1c0000 - 0x00007ffb3f1ed000 	C:\WINDOWS\System32\IMM32.DLL
0x00007ffb13380000 - 0x00007ffb1346f000 	C:\Program Files\Java\jdk-10.0.2\bin\msvcr120.dll
0x00007ffb0b0e0000 - 0x00007ffb0b186000 	C:\Program Files\Java\jdk-10.0.2\bin\msvcp120.dll
0x0000000059730000 - 0x000000005a1a0000 	C:\Program Files\Java\jdk-10.0.2\bin\server\jvm.dll
0x00007ffb40400000 - 0x00007ffb40408000 	C:\WINDOWS\System32\PSAPI.DLL
0x00007ffb29e80000 - 0x00007ffb29e89000 	C:\WINDOWS\SYSTEM32\WSOCK32.dll
0x00007ffb397b0000 - 0x00007ffb397d3000 	C:\WINDOWS\SYSTEM32\WINMM.dll
0x00007ffb40390000 - 0x00007ffb403fc000 	C:\WINDOWS\System32\WS2_32.dll
0x00007ffb39780000 - 0x00007ffb397aa000 	C:\WINDOWS\SYSTEM32\WINMMBASE.dll
0x00007ffb3ce30000 - 0x00007ffb3ce79000 	C:\WINDOWS\System32\cfgmgr32.dll
0x00007ffb32b20000 - 0x00007ffb32b2f000 	C:\Program Files\Java\jdk-10.0.2\bin\verify.dll
0x00007ffb386a0000 - 0x00007ffb38869000 	C:\WINDOWS\SYSTEM32\DBGHELP.DLL
0x00007ffb35740000 - 0x00007ffb35769000 	C:\WINDOWS\SYSTEM32\dbgcore.DLL
0x00007ffb207d0000 - 0x00007ffb207f7000 	C:\Program Files\Java\jdk-10.0.2\bin\java.dll
0x00007ffb1edc0000 - 0x00007ffb1edea000 	C:\Program Files\Java\jdk-10.0.2\bin\instrument.dll
0x00007ffb258f0000 - 0x00007ffb25906000 	C:\Program Files\Java\jdk-10.0.2\bin\zip.dll
0x00007ffb27640000 - 0x00007ffb2764a000 	C:\Program Files\Java\jdk-10.0.2\bin\jimage.dll
0x00007ffb3dac0000 - 0x00007ffb3ef00000 	C:\WINDOWS\System32\SHELL32.dll
0x00007ffb3f440000 - 0x00007ffb3f4e9000 	C:\WINDOWS\System32\shcore.dll
0x00007ffb3ce80000 - 0x00007ffb3d58d000 	C:\WINDOWS\System32\windows.storage.dll
0x00007ffb3fde0000 - 0x00007ffb3fe31000 	C:\WINDOWS\System32\shlwapi.dll
0x00007ffb3c9d0000 - 0x00007ffb3c9e1000 	C:\WINDOWS\System32\kernel.appcore.dll
0x00007ffb3c950000 - 0x00007ffb3c96f000 	C:\WINDOWS\System32\profapi.dll
0x00007ffb3c980000 - 0x00007ffb3c9cc000 	C:\WINDOWS\System32\powrprof.dll
0x00007ffb3c970000 - 0x00007ffb3c97a000 	C:\WINDOWS\System32\FLTLIB.DLL
0x00007ffb23cb0000 - 0x00007ffb23cca000 	C:\Program Files\Java\jdk-10.0.2\bin\net.dll
0x00007ffb38240000 - 0x00007ffb3831d000 	C:\WINDOWS\SYSTEM32\WINHTTP.dll
0x00007ffb3c1b0000 - 0x00007ffb3c216000 	C:\WINDOWS\system32\mswsock.dll
0x00007ffb23430000 - 0x00007ffb23441000 	C:\Program Files\Java\jdk-10.0.2\bin\nio.dll
0x00007ffb1ed50000 - 0x00007ffb1ed6a000 	C:\Program Files\JetBrains\IntelliJ IDEA Community Edition 2018.2.3\bin\breakgen64.dll
0x00007ffaebf20000 - 0x00007ffaec0bb000 	C:\Program Files\Java\jdk-10.0.2\bin\awt.dll
0x00007ffb40520000 - 0x00007ffb405e3000 	C:\WINDOWS\System32\OLEAUT32.dll
0x00007ffb39fe0000 - 0x00007ffb3a5a7000 	C:\WINDOWS\SYSTEM32\d2d1.dll
0x00007ffb3aca0000 - 0x00007ffb3ad2b000 	C:\WINDOWS\SYSTEM32\apphelp.dll
0x00007ffb3b0a0000 - 0x00007ffb3b0c9000 	C:\WINDOWS\system32\DWMAPI.DLL
0x00007ffb3ad70000 - 0x00007ffb3ae08000 	C:\WINDOWS\system32\uxtheme.dll
0x00007ffb16510000 - 0x00007ffb16630000 	C:\WINDOWS\system32\opengl32.dll
0x00007ffb164a0000 - 0x00007ffb164cc000 	C:\WINDOWS\SYSTEM32\GLU32.dll
0x00007ffb3f5c0000 - 0x00007ffb3f733000 	C:\WINDOWS\System32\MSCTF.dll
0x00007ffb3f2e0000 - 0x00007ffb3f431000 	C:\WINDOWS\System32\ole32.dll
0x00007ffb3c360000 - 0x00007ffb3c377000 	C:\WINDOWS\SYSTEM32\CRYPTSP.dll
0x00007ffb3bd90000 - 0x00007ffb3bdc3000 	C:\WINDOWS\system32\rsaenh.dll
0x00007ffb3c490000 - 0x00007ffb3c4b5000 	C:\WINDOWS\SYSTEM32\bcrypt.dll
0x00007ffb3c830000 - 0x00007ffb3c858000 	C:\WINDOWS\SYSTEM32\USERENV.dll
0x00007ffb3c380000 - 0x00007ffb3c38b000 	C:\WINDOWS\SYSTEM32\CRYPTBASE.dll
0x00007ffb3bf30000 - 0x00007ffb3bf68000 	C:\WINDOWS\SYSTEM32\IPHLPAPI.DLL
0x00007ffb3dab0000 - 0x00007ffb3dab8000 	C:\WINDOWS\System32\NSI.dll
0x00007ffb2e880000 - 0x00007ffb2e896000 	C:\WINDOWS\SYSTEM32\dhcpcsvc6.DLL
0x00007ffb2e930000 - 0x00007ffb2e94a000 	C:\WINDOWS\SYSTEM32\dhcpcsvc.DLL
0x00007ffb05700000 - 0x00007ffb05765000 	C:\Program Files\Java\jdk-10.0.2\bin\fontmanager.dll
0x00007ffb2ced0000 - 0x00007ffb2cf66000 	C:\WINDOWS\System32\TextInputFramework.dll
0x00007ffb37a30000 - 0x00007ffb37d4e000 	C:\WINDOWS\System32\CoreUIComponents.dll
0x00007ffb3aa90000 - 0x00007ffb3ab6a000 	C:\WINDOWS\System32\CoreMessaging.dll
0x00007ffb3ba20000 - 0x00007ffb3ba51000 	C:\WINDOWS\SYSTEM32\ntmarta.dll
0x00007ffb38a90000 - 0x00007ffb38bdd000 	C:\WINDOWS\SYSTEM32\wintypes.dll
0x0000000180000000 - 0x0000000180025000 	C:\Users\Plane\Desktop\My Stuff\Programming\DragonHacksSpring2019\DragonHacks19\rxtxSerial.dll

dbghelp: loaded successfully - version: 4.0.5 - missing functions: none
symbol engine: initialized successfully - sym options: 0x614 - pdb path: .;C:\Program Files\Java\jdk-10.0.2\bin;C:\WINDOWS\SYSTEM32;C:\WINDOWS\WinSxS\amd64_microsoft.windows.common-controls_6595b64144ccf1df_6.0.17134.648_none_fb45a0e93062a6d2;C:\Program Files\Java\jdk-10.0.2\bin\server;C:\Program Files\JetBrains\IntelliJ IDEA Community Edition 2018.2.3\bin;C:\Users\Plane\Desktop\My Stuff\Programming\DragonHacksSpring2019\DragonHacks19

VM Arguments:
jvm_args: -javaagent:C:\Program Files\JetBrains\IntelliJ IDEA Community Edition 2018.2.3\lib\idea_rt.jar=53119:C:\Program Files\JetBrains\IntelliJ IDEA Community Edition 2018.2.3\bin -Dfile.encoding=UTF-8 
java_command: com.core.Main
java_class_path (initial): C:\Users\Plane\Desktop\My Stuff\Programming\DragonHacksSpring2019\DragonHacks19\out\production\DragonHacks19;C:\Users\Plane\Desktop\RXTXcomm.jar
Launcher Type: SUN_STANDARD

Logging:
Log output configuration:
#0: stdout all=warning uptime,level,tags
#1: stderr all=off uptime,level,tags

Environment Variables:
PATH=C:\Program Files (x86)\Common Files\Oracle\Java\javapath;C:\Program Files (x86)\NVIDIA Corporation\PhysX\Common;C:\Program Files (x86)\Intel\Intel(R) Management Engine Components\iCLS\;C:\Program Files\Intel\Intel(R) Management Engine Components\iCLS\;C:\WINDOWS\system32;C:\WINDOWS;C:\WINDOWS\System32\Wbem;C:\WINDOWS\System32\WindowsPowerShell\v1.0\;C:\Program Files (x86)\Intel\Intel(R) Management Engine Components\DAL;C:\Program Files\Intel\Intel(R) Management Engine Components\DAL;C:\Program Files (x86)\Intel\Intel(R) Management Engine Components\IPT;C:\Program Files\Intel\Intel(R) Management Engine Components\IPT;C:\Program Files\Microsoft VS Code\bin;C:\Program Files\nodejs\;C:\WINDOWS\System32\OpenSSH\;C:\Program Files\Intel\WiFi\bin\;C:\Program Files\Common Files\Intel\WirelessCommon\;C:\Program Files (x86)\Gpg4win\..\GnuPG\bin;C:\Users\Plane\AppData\Local\Programs\Python\Python37-32\Scripts\;C:\Users\Plane\AppData\Local\Programs\Python\Python37-32\;C:\Users\Plane\AppData\Local\Microsoft\WindowsApps;C:\Users\Plane\AppData\Roaming\npm;C:\Users\Plane\AppData\Local\atom\bin;C:\Users\Plane\.lein\bin
USERNAME=Plane
OS=Windows_NT
PROCESSOR_IDENTIFIER=Intel64 Family 6 Model 142 Stepping 10, GenuineIntel



---------------  S Y S T E M  ---------------

OS: Windows 10 , 64 bit Build 17134 (10.0.17134.648)

CPU:total 8 (initial active 8) (4 cores per cpu, 2 threads per core) family 6 model 142 stepping 10, cmov, cx8, fxsr, mmx, sse, sse2, sse3, ssse3, sse4.1, sse4.2, popcnt, avx, avx2, aes, clmul, erms, 3dnowpref, lzcnt, ht, tsc, tscinvbit, bmi1, bmi2, adx, fma

Memory: 4k page, physical 8270308k(1927292k free), swap 12333540k(2270956k free)

vm_info: Java HotSpot(TM) 64-Bit Server VM (10.0.2+13) for windows-amd64 JRE (10.0.2+13), built on Jun 28 2018 01:57:56 by "mach5one" with MS VC++ 12.0 (VS2013)

END.
