#
# A fatal error has been detected by the Java Runtime Environment:
#
#  EXCEPTION_ACCESS_VIOLATION (0xc0000005) at pc=0x0000000180005b00, pid=10820, tid=8520
#
# JRE version: Java(TM) SE Runtime Environment (10.0.2+13) (build 10.0.2+13)
# Java VM: Java HotSpot(TM) 64-Bit Server VM (10.0.2+13, mixed mode, tiered, compressed oops, g1 gc, windows-amd64)
# Problematic frame:
# C  [rxtxSerial.dll+0x5b00]
#
# No core dump will be written. Minidumps are not enabled by default on client versions of Windows
#
# If you would like to submit a bug report, please visit:
#   http://bugreport.java.com/bugreport/crash.jsp
# The crash happened outside the Java Virtual Machine in native code.
# See problematic frame for where to report the bug.
#

---------------  S U M M A R Y ------------

Command Line: -javaagent:C:\Program Files\JetBrains\IntelliJ IDEA Community Edition 2018.2.3\lib\idea_rt.jar=52881:C:\Program Files\JetBrains\IntelliJ IDEA Community Edition 2018.2.3\bin -Dfile.encoding=UTF-8 com.core.Main

Host: Intel(R) Core(TM) i7-8550U CPU @ 1.80GHz, 8 cores, 7G,  Windows 10 , 64 bit Build 17134 (10.0.17134.648)
Time: Sun Apr 21 12:50:10 2019 Eastern Daylight Time elapsed time: 5 seconds (0d 0h 0m 5s)

---------------  T H R E A D  ---------------

Current thread (0x000001c99b005000):  JavaThread "Thread-2" [_thread_in_native, id=8520, stack(0x0000000293600000,0x0000000293700000)]

Stack: [0x0000000293600000,0x0000000293700000],  sp=0x00000002936fe360,  free space=1016k
Native frames: (J=compiled Java code, j=interpreted, Vv=VM code, C=native code)
C  [rxtxSerial.dll+0x5b00]

Java frames: (J=compiled Java code, j=interpreted, Vv=VM code)
j  gnu.io.RXTXPort.readArray([BII)I+0
j  gnu.io.RXTXPort$SerialInputStream.read([BII)I+212
j  sun.nio.cs.StreamDecoder.readBytes()I+135 java.base@10.0.2
j  sun.nio.cs.StreamDecoder.implRead([CII)I+112 java.base@10.0.2
j  sun.nio.cs.StreamDecoder.read([CII)I+180 java.base@10.0.2
j  java.io.InputStreamReader.read([CII)I+7 java.base@10.0.2
j  java.io.BufferedReader.fill()V+145 java.base@10.0.2
j  java.io.BufferedReader.readLine(Z)Ljava/lang/String;+44 java.base@10.0.2
j  java.io.BufferedReader.readLine()Ljava/lang/String;+2 java.base@10.0.2
j  com.controls.SerialParse.serialEvent(Lgnu/io/SerialPortEvent;)V+26
j  gnu.io.RXTXPort.sendEvent(IZ)Z+382
v  ~StubRoutines::call_stub
j  gnu.io.RXTXPort.eventLoop()V+0
j  gnu.io.RXTXPort$MonitorThread.run()V+12
v  ~StubRoutines::call_stub

siginfo: EXCEPTION_ACCESS_VIOLATION (0xc0000005), reading address 0xffffffff936ff168


Register to memory mapping:

RIP=0x0000000180005b00 rxtxSerial.dll
RAX=0x0000000000000001 is an unknown value
RBX=0x0000000000000000 is an unknown value
RCX=0x000000018001d4d5 rxtxSerial.dll
RDX=0xfffffffffffff665 is an unknown value
RSP=0x00000002936fe360 is pointing into the stack for thread: 0x000001c99b005000
RBP=
[error occurred during error reporting (printing register info), id 0xc0000005]

Registers:
RAX=0x0000000000000001, RBX=0x0000000000000000, RCX=0x000000018001d4d5, RDX=0xfffffffffffff665
RSP=0x00000002936fe360, RBP=0x00000000ffffffff, RSI=0x0000000000000000, RDI=0x000001c99b005270
R8 =0x0000000000000002, R9 =0xfffffffffffff63c, R10=0x0000000000000092, R11=0x8101010101010100
R12=0xffffffff936ff160, R13=0x000000000000000e, R14=0x00000002936fe548, R15=0x0000000000000000
RIP=0x0000000180005b00, EFLAGS=0x0000000000010202

Top of Stack: (sp=0x00000002936fe360)
0x00000002936fe360:   0000000000000000 0000000000000000
0x00000002936fe370:   00000002936fe550 0000000000000000
0x00000002936fe380:   0000000000000000 00000002936fe548
0x00000002936fe390:   000001c99dabdf48 0000000000000001
0x00000002936fe3a0:   000001c99b005270 000000000000000e
0x00000002936fe3b0:   ffffffffffffffff 0000000180006211
0x00000002936fe3c0:   000001c99c07dc30 0000000000000000
0x00000002936fe3d0:   ffffffff00000001 000001c99c07dc30
0x00000002936fe3e0:   000000020000000e 00000000ffffffff
0x00000002936fe3f0:   00000002936fe550 000001c99dabdf50
0x00000002936fe400:   000001c99dabdf50 000001c99b4b3bc0
0x00000002936fe410:   00000002936fede8 0000000059a946e3
0x00000002936fe420:   000001c99b005000 0000000059c89277
0x00000002936fe430:   3ff0000000000000 0000fadd8ffa96ff
0x00000002936fe440:   000001c99dabdf50 000001c99dabdf48
0x00000002936fe450:   000001c99b005000 00000002936fe550 

Instructions: (pc=0x0000000180005b00)
0x0000000180005ae0:   15 23 7a 01 00 48 8d 48 60 e8 3a 5d 00 00 4c 8b
0x0000000180005af0:   e5 8b ac 24 88 00 00 00 44 8b ac 24 80 00 00 00
0x0000000180005b00:   45 8b 74 24 08 41 89 5c 24 08 41 8b fd 85 ed 78
0x0000000180005b10:   09 ff 15 e9 14 01 00 44 8b f8 45 85 ed 7e 4a 90 



---------------  P R O C E S S  ---------------

Threads class SMR info:
_java_thread_list=0x000001c99b46d810, length=20, elements={
0x000001c9ffe3c000, 0x000001c9ffe47800, 0x000001c99aaf4800, 0x000001c99aaf5000,
0x000001c99aafa000, 0x000001c99aafc800, 0x000001c99aafe800, 0x000001c9ffe58000,
0x000001c9ffe59000, 0x000001c99ae5c800, 0x000001c99ae5d800, 0x000001c99b019000,
0x000001c99b18a000, 0x000001c99b18d800, 0x000001c99b18e800, 0x000001c99b60b000,
0x000001c99b005000, 0x000001c99adff800, 0x000001c99b40a800, 0x000001c9f84b3800
}

Java Threads: ( => current thread )
  0x000001c9ffe3c000 JavaThread "Reference Handler" daemon [_thread_blocked, id=4356, stack(0x0000000292500000,0x0000000292600000)]
  0x000001c9ffe47800 JavaThread "Finalizer" daemon [_thread_blocked, id=3320, stack(0x0000000292600000,0x0000000292700000)]
  0x000001c99aaf4800 JavaThread "Signal Dispatcher" daemon [_thread_blocked, id=17452, stack(0x0000000292700000,0x0000000292800000)]
  0x000001c99aaf5000 JavaThread "Attach Listener" daemon [_thread_blocked, id=8852, stack(0x0000000292800000,0x0000000292900000)]
  0x000001c99aafa000 JavaThread "C2 CompilerThread0" daemon [_thread_blocked, id=21136, stack(0x0000000292900000,0x0000000292a00000)]
  0x000001c99aafc800 JavaThread "C2 CompilerThread1" daemon [_thread_blocked, id=1772, stack(0x0000000292a00000,0x0000000292b00000)]
  0x000001c99aafe800 JavaThread "C2 CompilerThread2" daemon [_thread_blocked, id=4560, stack(0x0000000292b00000,0x0000000292c00000)]
  0x000001c9ffe58000 JavaThread "C1 CompilerThread3" daemon [_thread_blocked, id=6704, stack(0x0000000292c00000,0x0000000292d00000)]
  0x000001c9ffe59000 JavaThread "Sweeper thread" daemon [_thread_blocked, id=524, stack(0x0000000292d00000,0x0000000292e00000)]
  0x000001c99ae5c800 JavaThread "Common-Cleaner" daemon [_thread_blocked, id=14796, stack(0x0000000292e00000,0x0000000292f00000)]
  0x000001c99ae5d800 JavaThread "Monitor Ctrl-Break" daemon [_thread_in_native, id=15120, stack(0x0000000292f00000,0x0000000293000000)]
  0x000001c99b019000 JavaThread "Service Thread" daemon [_thread_blocked, id=8184, stack(0x0000000293000000,0x0000000293100000)]
  0x000001c99b18a000 JavaThread "Java2D Disposer" daemon [_thread_blocked, id=292, stack(0x0000000293200000,0x0000000293300000)]
  0x000001c99b18d800 JavaThread "AWT-Shutdown" [_thread_blocked, id=21940, stack(0x0000000293300000,0x0000000293400000)]
  0x000001c99b18e800 JavaThread "AWT-Windows" daemon [_thread_in_native, id=19812, stack(0x0000000293400000,0x0000000293500000)]
  0x000001c99b60b000 JavaThread "AWT-EventQueue-0" [_thread_in_native, id=13136, stack(0x0000000293500000,0x0000000293600000)]
=>0x000001c99b005000 JavaThread "Thread-2" [_thread_in_native, id=8520, stack(0x0000000293600000,0x0000000293700000)]
  0x000001c99adff800 JavaThread "Thread-0" [_thread_blocked, id=5456, stack(0x0000000293700000,0x0000000293800000)]
  0x000001c99b40a800 JavaThread "Thread-1" [_thread_blocked, id=6656, stack(0x0000000293800000,0x0000000293900000)]
  0x000001c9f84b3800 JavaThread "DestroyJavaVM" [_thread_blocked, id=14028, stack(0x0000000290f00000,0x0000000291000000)]

Other Threads:
  0x000001c9ffe2d800 VMThread "VM Thread" [stack: 0x0000000292400000,0x0000000292500000] [id=8960]
  0x000001c99adb2800 WatcherThread [stack: 0x0000000293100000,0x0000000293200000] [id=10712]
  0x000001c9f84cb800 GCTaskThread "GC Thread#0" [stack: 0x0000000291000000,0x0000000291100000] [id=17108]
  0x000001c9f84cd000 GCTaskThread "GC Thread#1" [stack: 0x0000000291100000,0x0000000291200000] [id=18784]
  0x000001c9f84ce800 GCTaskThread "GC Thread#2" [stack: 0x0000000291200000,0x0000000291300000] [id=19764]
  0x000001c9f84d7000 GCTaskThread "GC Thread#3" [stack: 0x0000000291300000,0x0000000291400000] [id=15936]
  0x000001c9f84d8800 GCTaskThread "GC Thread#4" [stack: 0x0000000291400000,0x0000000291500000] [id=1124]
  0x000001c9f84db000 GCTaskThread "GC Thread#5" [stack: 0x0000000291500000,0x0000000291600000] [id=5272]
  0x000001c9f84de000 GCTaskThread "GC Thread#6" [stack: 0x0000000291600000,0x0000000291700000] [id=21204]
  0x000001c9f84df000 GCTaskThread "GC Thread#7" [stack: 0x0000000291700000,0x0000000291800000] [id=7204]
  0x000001c9f8555000 ConcurrentGCThread "G1 Main Marker" [stack: 0x0000000291800000,0x0000000291900000] [id=12788]
  0x000001c9f8558000 ConcurrentGCThread "G1 Conc#0" [stack: 0x0000000291900000,0x0000000291a00000] [id=22072]
  0x000001c9f8559800 ConcurrentGCThread "G1 Conc#1" [stack: 0x0000000291a00000,0x0000000291b00000] [id=10740]
  0x000001c9ffcab800 ConcurrentGCThread "G1 Refine#0" [stack: 0x0000000291b00000,0x0000000291c00000] [id=5316]
  0x000001c9ffcac000 ConcurrentGCThread "G1 Refine#1" [stack: 0x0000000291c00000,0x0000000291d00000] [id=20680]
  0x000001c9ffcae000 ConcurrentGCThread "G1 Refine#2" [stack: 0x0000000291d00000,0x0000000291e00000] [id=22328]
  0x000001c9ffcb3000 ConcurrentGCThread "G1 Refine#3" [stack: 0x0000000291e00000,0x0000000291f00000] [id=2592]
  0x000001c9ffcb7000 ConcurrentGCThread "G1 Refine#4" [stack: 0x0000000291f00000,0x0000000292000000] [id=12296]
  0x000001c9ffcbc800 ConcurrentGCThread "G1 Refine#5" [stack: 0x0000000292000000,0x0000000292100000] [id=11960]
  0x000001c9ffcc2800 ConcurrentGCThread "G1 Refine#6" [stack: 0x0000000292100000,0x0000000292200000] [id=9744]
  0x000001c9ffcc7800 ConcurrentGCThread "G1 Refine#7" [stack: 0x0000000292200000,0x0000000292300000] [id=20044]
  0x000001c9ffcc8000 ConcurrentGCThread "G1 Young RemSet Sampling" [stack: 0x0000000292300000,0x0000000292400000] [id=21944]

Threads with active compile tasks:

VM state:not at safepoint (normal execution)

VM Mutex/Monitor currently owned by a thread: None

Heap address: 0x0000000081c00000, size: 2020 MB, Compressed Oops mode: 32-bit
Narrow klass base: 0x0000000000000000, Narrow klass shift: 3
Compressed class space size: 1073741824 Address: 0x0000000100000000

Heap:
 garbage-first heap   total 131072K, used 19536K [0x0000000081c00000, 0x0000000100000000)
  region size 1024K, 14 young (14336K), 3 survivors (3072K)
 Metaspace       used 15244K, capacity 15617K, committed 15872K, reserved 1062912K
  class space    used 1487K, capacity 1684K, committed 1792K, reserved 1048576K
Heap Regions: E=young(eden), S=young(survivor), O=old, HS=humongous(starts), HC=humongous(continues), CS=collection set, F=free, A=archive, TS=gc time stamp, AC=allocation context, TAMS=top-at-mark-start (previous, next)
|   0|0x0000000081c00000, 0x0000000081d00000, 0x0000000081d00000|100%|HS|  |TS  0|AC  0|TAMS 0x0000000081c00000, 0x0000000081c00000|
|   1|0x0000000081d00000, 0x0000000081e00000, 0x0000000081e00000|100%|HC|  |TS  0|AC  0|TAMS 0x0000000081d00000, 0x0000000081d00000|
|   2|0x0000000081e00000, 0x0000000081f00000, 0x0000000081f00000|100%|HS|  |TS  0|AC  0|TAMS 0x0000000081e00000, 0x0000000081e00000|
|   3|0x0000000081f00000, 0x0000000082000000, 0x0000000082000000|100%|HC|  |TS  0|AC  0|TAMS 0x0000000081f00000, 0x0000000081f00000|
|   4|0x0000000082000000, 0x0000000082100000, 0x0000000082100000|100%|HC|  |TS  0|AC  0|TAMS 0x0000000082000000, 0x0000000082000000|
|   5|0x0000000082100000, 0x0000000082200000, 0x0000000082200000|100%|HC|  |TS  0|AC  0|TAMS 0x0000000082100000, 0x0000000082100000|
|   6|0x0000000082200000, 0x0000000082214000, 0x0000000082300000|  7%| O|  |TS  1|AC  0|TAMS 0x0000000082200000, 0x0000000082200000|
|   7|0x0000000082300000, 0x0000000082300000, 0x0000000082400000|  0%| F|  |TS  0|AC  0|TAMS 0x0000000082300000, 0x0000000082300000|
|   8|0x0000000082400000, 0x0000000082400000, 0x0000000082500000|  0%| F|  |TS  0|AC  0|TAMS 0x0000000082400000, 0x0000000082400000|
|   9|0x0000000082500000, 0x0000000082500000, 0x0000000082600000|  0%| F|  |TS  0|AC  0|TAMS 0x0000000082500000, 0x0000000082500000|
|  10|0x0000000082600000, 0x0000000082600000, 0x0000000082700000|  0%| F|  |TS  0|AC  0|TAMS 0x0000000082600000, 0x0000000082600000|
|  11|0x0000000082700000, 0x0000000082700000, 0x0000000082800000|  0%| F|  |TS  0|AC  0|TAMS 0x0000000082700000, 0x0000000082700000|
|  12|0x0000000082800000, 0x0000000082800000, 0x0000000082900000|  0%| F|  |TS  0|AC  0|TAMS 0x0000000082800000, 0x0000000082800000|
|  13|0x0000000082900000, 0x0000000082900000, 0x0000000082a00000|  0%| F|  |TS  0|AC  0|TAMS 0x0000000082900000, 0x0000000082900000|
|  14|0x0000000082a00000, 0x0000000082a00000, 0x0000000082b00000|  0%| F|  |TS  0|AC  0|TAMS 0x0000000082a00000, 0x0000000082a00000|
|  15|0x0000000082b00000, 0x0000000082b00000, 0x0000000082c00000|  0%| F|  |TS  0|AC  0|TAMS 0x0000000082b00000, 0x0000000082b00000|
|  16|0x0000000082c00000, 0x0000000082c00000, 0x0000000082d00000|  0%| F|  |TS  0|AC  0|TAMS 0x0000000082c00000, 0x0000000082c00000|
|  17|0x0000000082d00000, 0x0000000082d00000, 0x0000000082e00000|  0%| F|  |TS  0|AC  0|TAMS 0x0000000082d00000, 0x0000000082d00000|
|  18|0x0000000082e00000, 0x0000000082e00000, 0x0000000082f00000|  0%| F|  |TS  0|AC  0|TAMS 0x0000000082e00000, 0x0000000082e00000|
|  19|0x0000000082f00000, 0x0000000082f00000, 0x0000000083000000|  0%| F|  |TS  0|AC  0|TAMS 0x0000000082f00000, 0x0000000082f00000|
|  20|0x0000000083000000, 0x0000000083000000, 0x0000000083100000|  0%| F|  |TS  0|AC  0|TAMS 0x0000000083000000, 0x0000000083000000|
|  21|0x0000000083100000, 0x0000000083100000, 0x0000000083200000|  0%| F|  |TS  0|AC  0|TAMS 0x0000000083100000, 0x0000000083100000|
|  22|0x0000000083200000, 0x0000000083200000, 0x0000000083300000|  0%| F|  |TS  0|AC  0|TAMS 0x0000000083200000, 0x0000000083200000|
|  23|0x0000000083300000, 0x0000000083300000, 0x0000000083400000|  0%| F|  |TS  0|AC  0|TAMS 0x0000000083300000, 0x0000000083300000|
|  24|0x0000000083400000, 0x0000000083400000, 0x0000000083500000|  0%| F|  |TS  0|AC  0|TAMS 0x0000000083400000, 0x0000000083400000|
|  25|0x0000000083500000, 0x0000000083500000, 0x0000000083600000|  0%| F|  |TS  0|AC  0|TAMS 0x0000000083500000, 0x0000000083500000|
|  26|0x0000000083600000, 0x0000000083600000, 0x0000000083700000|  0%| F|  |TS  0|AC  0|TAMS 0x0000000083600000, 0x0000000083600000|
|  27|0x0000000083700000, 0x0000000083700000, 0x0000000083800000|  0%| F|  |TS  0|AC  0|TAMS 0x0000000083700000, 0x0000000083700000|
|  28|0x0000000083800000, 0x0000000083800000, 0x0000000083900000|  0%| F|  |TS  0|AC  0|TAMS 0x0000000083800000, 0x0000000083800000|
|  29|0x0000000083900000, 0x0000000083900000, 0x0000000083a00000|  0%| F|  |TS  0|AC  0|TAMS 0x0000000083900000, 0x0000000083900000|
|  30|0x0000000083a00000, 0x0000000083a00000, 0x0000000083b00000|  0%| F|  |TS  0|AC  0|TAMS 0x0000000083a00000, 0x0000000083a00000|
|  31|0x0000000083b00000, 0x0000000083b00000, 0x0000000083c00000|  0%| F|  |TS  0|AC  0|TAMS 0x0000000083b00000, 0x0000000083b00000|
|  32|0x0000000083c00000, 0x0000000083c00000, 0x0000000083d00000|  0%| F|  |TS  0|AC  0|TAMS 0x0000000083c00000, 0x0000000083c00000|
|  33|0x0000000083d00000, 0x0000000083d00000, 0x0000000083e00000|  0%| F|  |TS  0|AC  0|TAMS 0x0000000083d00000, 0x0000000083d00000|
|  34|0x0000000083e00000, 0x0000000083e00000, 0x0000000083f00000|  0%| F|  |TS  0|AC  0|TAMS 0x0000000083e00000, 0x0000000083e00000|
|  35|0x0000000083f00000, 0x0000000083f00000, 0x0000000084000000|  0%| F|  |TS  0|AC  0|TAMS 0x0000000083f00000, 0x0000000083f00000|
|  36|0x0000000084000000, 0x0000000084000000, 0x0000000084100000|  0%| F|  |TS  0|AC  0|TAMS 0x0000000084000000, 0x0000000084000000|
|  37|0x0000000084100000, 0x0000000084100000, 0x0000000084200000|  0%| F|  |TS  0|AC  0|TAMS 0x0000000084100000, 0x0000000084100000|
|  38|0x0000000084200000, 0x0000000084200000, 0x0000000084300000|  0%| F|  |TS  0|AC  0|TAMS 0x0000000084200000, 0x0000000084200000|
|  39|0x0000000084300000, 0x0000000084300000, 0x0000000084400000|  0%| F|  |TS  0|AC  0|TAMS 0x0000000084300000, 0x0000000084300000|
|  40|0x0000000084400000, 0x0000000084400000, 0x0000000084500000|  0%| F|  |TS  0|AC  0|TAMS 0x0000000084400000, 0x0000000084400000|
|  41|0x0000000084500000, 0x0000000084500000, 0x0000000084600000|  0%| F|  |TS  0|AC  0|TAMS 0x0000000084500000, 0x0000000084500000|
|  42|0x0000000084600000, 0x0000000084600000, 0x0000000084700000|  0%| F|  |TS  0|AC  0|TAMS 0x0000000084600000, 0x0000000084600000|
|  43|0x0000000084700000, 0x0000000084700000, 0x0000000084800000|  0%| F|  |TS  0|AC  0|TAMS 0x0000000084700000, 0x0000000084700000|
|  44|0x0000000084800000, 0x0000000084800000, 0x0000000084900000|  0%| F|  |TS  0|AC  0|TAMS 0x0000000084800000, 0x0000000084800000|
|  45|0x0000000084900000, 0x0000000084900000, 0x0000000084a00000|  0%| F|  |TS  0|AC  0|TAMS 0x0000000084900000, 0x0000000084900000|
|  46|0x0000000084a00000, 0x0000000084a00000, 0x0000000084b00000|  0%| F|  |TS  0|AC  0|TAMS 0x0000000084a00000, 0x0000000084a00000|
|  47|0x0000000084b00000, 0x0000000084b00000, 0x0000000084c00000|  0%| F|  |TS  0|AC  0|TAMS 0x0000000084b00000, 0x0000000084b00000|
|  48|0x0000000084c00000, 0x0000000084c00000, 0x0000000084d00000|  0%| F|  |TS  0|AC  0|TAMS 0x0000000084c00000, 0x0000000084c00000|
|  49|0x0000000084d00000, 0x0000000084d00000, 0x0000000084e00000|  0%| F|  |TS  0|AC  0|TAMS 0x0000000084d00000, 0x0000000084d00000|
|  50|0x0000000084e00000, 0x0000000084e00000, 0x0000000084f00000|  0%| F|  |TS  0|AC  0|TAMS 0x0000000084e00000, 0x0000000084e00000|
|  51|0x0000000084f00000, 0x0000000084f00000, 0x0000000085000000|  0%| F|  |TS  0|AC  0|TAMS 0x0000000084f00000, 0x0000000084f00000|
|  52|0x0000000085000000, 0x0000000085000000, 0x0000000085100000|  0%| F|  |TS  0|AC  0|TAMS 0x0000000085000000, 0x0000000085000000|
|  53|0x0000000085100000, 0x0000000085100000, 0x0000000085200000|  0%| F|  |TS  0|AC  0|TAMS 0x0000000085100000, 0x0000000085100000|
|  54|0x0000000085200000, 0x0000000085200000, 0x0000000085300000|  0%| F|  |TS  0|AC  0|TAMS 0x0000000085200000, 0x0000000085200000|
|  55|0x0000000085300000, 0x0000000085300000, 0x0000000085400000|  0%| F|  |TS  0|AC  0|TAMS 0x0000000085300000, 0x0000000085300000|
|  56|0x0000000085400000, 0x0000000085400000, 0x0000000085500000|  0%| F|  |TS  0|AC  0|TAMS 0x0000000085400000, 0x0000000085400000|
|  57|0x0000000085500000, 0x0000000085500000, 0x0000000085600000|  0%| F|  |TS  0|AC  0|TAMS 0x0000000085500000, 0x0000000085500000|
|  58|0x0000000085600000, 0x0000000085600000, 0x0000000085700000|  0%| F|  |TS  0|AC  0|TAMS 0x0000000085600000, 0x0000000085600000|
|  59|0x0000000085700000, 0x0000000085700000, 0x0000000085800000|  0%| F|  |TS  0|AC  0|TAMS 0x0000000085700000, 0x0000000085700000|
|  60|0x0000000085800000, 0x0000000085800000, 0x0000000085900000|  0%| F|  |TS  0|AC  0|TAMS 0x0000000085800000, 0x0000000085800000|
|  61|0x0000000085900000, 0x0000000085900000, 0x0000000085a00000|  0%| F|  |TS  0|AC  0|TAMS 0x0000000085900000, 0x0000000085900000|
|  62|0x0000000085a00000, 0x0000000085a00000, 0x0000000085b00000|  0%| F|  |TS  0|AC  0|TAMS 0x0000000085a00000, 0x0000000085a00000|
|  63|0x0000000085b00000, 0x0000000085b00000, 0x0000000085c00000|  0%| F|  |TS  0|AC  0|TAMS 0x0000000085b00000, 0x0000000085b00000|
|  64|0x0000000085c00000, 0x0000000085c00000, 0x0000000085d00000|  0%| F|  |TS  0|AC  0|TAMS 0x0000000085c00000, 0x0000000085c00000|
|  65|0x0000000085d00000, 0x0000000085d00000, 0x0000000085e00000|  0%| F|  |TS  0|AC  0|TAMS 0x0000000085d00000, 0x0000000085d00000|
|  66|0x0000000085e00000, 0x0000000085e00000, 0x0000000085f00000|  0%| F|  |TS  0|AC  0|TAMS 0x0000000085e00000, 0x0000000085e00000|
|  67|0x0000000085f00000, 0x0000000085f00000, 0x0000000086000000|  0%| F|  |TS  0|AC  0|TAMS 0x0000000085f00000, 0x0000000085f00000|
|  68|0x0000000086000000, 0x0000000086000000, 0x0000000086100000|  0%| F|  |TS  0|AC  0|TAMS 0x0000000086000000, 0x0000000086000000|
|  69|0x0000000086100000, 0x0000000086100000, 0x0000000086200000|  0%| F|  |TS  0|AC  0|TAMS 0x0000000086100000, 0x0000000086100000|
|  70|0x0000000086200000, 0x0000000086200000, 0x0000000086300000|  0%| F|  |TS  0|AC  0|TAMS 0x0000000086200000, 0x0000000086200000|
|  71|0x0000000086300000, 0x0000000086300000, 0x0000000086400000|  0%| F|  |TS  0|AC  0|TAMS 0x0000000086300000, 0x0000000086300000|
|  72|0x0000000086400000, 0x0000000086400000, 0x0000000086500000|  0%| F|  |TS  0|AC  0|TAMS 0x0000000086400000, 0x0000000086400000|
|  73|0x0000000086500000, 0x0000000086500000, 0x0000000086600000|  0%| F|  |TS  0|AC  0|TAMS 0x0000000086500000, 0x0000000086500000|
|  74|0x0000000086600000, 0x0000000086600000, 0x0000000086700000|  0%| F|  |TS  0|AC  0|TAMS 0x0000000086600000, 0x0000000086600000|
|  75|0x0000000086700000, 0x0000000086700000, 0x0000000086800000|  0%| F|  |TS  0|AC  0|TAMS 0x0000000086700000, 0x0000000086700000|
|  76|0x0000000086800000, 0x0000000086800000, 0x0000000086900000|  0%| F|  |TS  0|AC  0|TAMS 0x0000000086800000, 0x0000000086800000|
|  77|0x0000000086900000, 0x0000000086900000, 0x0000000086a00000|  0%| F|  |TS  0|AC  0|TAMS 0x0000000086900000, 0x0000000086900000|
|  78|0x0000000086a00000, 0x0000000086a00000, 0x0000000086b00000|  0%| F|  |TS  0|AC  0|TAMS 0x0000000086a00000, 0x0000000086a00000|
|  79|0x0000000086b00000, 0x0000000086b00000, 0x0000000086c00000|  0%| F|  |TS  0|AC  0|TAMS 0x0000000086b00000, 0x0000000086b00000|
|  80|0x0000000086c00000, 0x0000000086c00000, 0x0000000086d00000|  0%| F|  |TS  0|AC  0|TAMS 0x0000000086c00000, 0x0000000086c00000|
|  81|0x0000000086d00000, 0x0000000086d00000, 0x0000000086e00000|  0%| F|  |TS  0|AC  0|TAMS 0x0000000086d00000, 0x0000000086d00000|
|  82|0x0000000086e00000, 0x0000000086e00000, 0x0000000086f00000|  0%| F|  |TS  0|AC  0|TAMS 0x0000000086e00000, 0x0000000086e00000|
|  83|0x0000000086f00000, 0x0000000086f00000, 0x0000000087000000|  0%| F|  |TS  0|AC  0|TAMS 0x0000000086f00000, 0x0000000086f00000|
|  84|0x0000000087000000, 0x0000000087000000, 0x0000000087100000|  0%| F|  |TS  0|AC  0|TAMS 0x0000000087000000, 0x0000000087000000|
|  85|0x0000000087100000, 0x0000000087100000, 0x0000000087200000|  0%| F|  |TS  0|AC  0|TAMS 0x0000000087100000, 0x0000000087100000|
|  86|0x0000000087200000, 0x0000000087200000, 0x0000000087300000|  0%| F|  |TS  0|AC  0|TAMS 0x0000000087200000, 0x0000000087200000|
|  87|0x0000000087300000, 0x0000000087300000, 0x0000000087400000|  0%| F|  |TS  0|AC  0|TAMS 0x0000000087300000, 0x0000000087300000|
|  88|0x0000000087400000, 0x0000000087400000, 0x0000000087500000|  0%| F|  |TS  0|AC  0|TAMS 0x0000000087400000, 0x0000000087400000|
|  89|0x0000000087500000, 0x0000000087500000, 0x0000000087600000|  0%| F|  |TS  0|AC  0|TAMS 0x0000000087500000, 0x0000000087500000|
|  90|0x0000000087600000, 0x0000000087600000, 0x0000000087700000|  0%| F|  |TS  0|AC  0|TAMS 0x0000000087600000, 0x0000000087600000|
|  91|0x0000000087700000, 0x0000000087700000, 0x0000000087800000|  0%| F|  |TS  0|AC  0|TAMS 0x0000000087700000, 0x0000000087700000|
|  92|0x0000000087800000, 0x0000000087800000, 0x0000000087900000|  0%| F|  |TS  0|AC  0|TAMS 0x0000000087800000, 0x0000000087800000|
|  93|0x0000000087900000, 0x0000000087900000, 0x0000000087a00000|  0%| F|  |TS  0|AC  0|TAMS 0x0000000087900000, 0x0000000087900000|
|  94|0x0000000087a00000, 0x0000000087a00000, 0x0000000087b00000|  0%| F|  |TS  0|AC  0|TAMS 0x0000000087a00000, 0x0000000087a00000|
|  95|0x0000000087b00000, 0x0000000087b00000, 0x0000000087c00000|  0%| F|  |TS  0|AC  0|TAMS 0x0000000087b00000, 0x0000000087b00000|
|  96|0x0000000087c00000, 0x0000000087c00000, 0x0000000087d00000|  0%| F|  |TS  0|AC  0|TAMS 0x0000000087c00000, 0x0000000087c00000|
|  97|0x0000000087d00000, 0x0000000087d00000, 0x0000000087e00000|  0%| F|  |TS  0|AC  0|TAMS 0x0000000087d00000, 0x0000000087d00000|
|  98|0x0000000087e00000, 0x0000000087e00000, 0x0000000087f00000|  0%| F|  |TS  0|AC  0|TAMS 0x0000000087e00000, 0x0000000087e00000|
|  99|0x0000000087f00000, 0x0000000087f00000, 0x0000000088000000|  0%| F|  |TS  0|AC  0|TAMS 0x0000000087f00000, 0x0000000087f00000|
| 100|0x0000000088000000, 0x0000000088000000, 0x0000000088100000|  0%| F|  |TS  0|AC  0|TAMS 0x0000000088000000, 0x0000000088000000|
| 101|0x0000000088100000, 0x0000000088200000, 0x0000000088200000|100%| S|CS|TS  1|AC  0|TAMS 0x0000000088100000, 0x0000000088100000|
| 102|0x0000000088200000, 0x0000000088300000, 0x0000000088300000|100%| S|CS|TS  1|AC  0|TAMS 0x0000000088200000, 0x0000000088200000|
| 103|0x0000000088300000, 0x0000000088400000, 0x0000000088400000|100%| S|CS|TS  1|AC  0|TAMS 0x0000000088300000, 0x0000000088300000|
| 104|0x0000000088400000, 0x0000000088400000, 0x0000000088500000|  0%| F|  |TS  1|AC  0|TAMS 0x0000000088400000, 0x0000000088400000|
| 105|0x0000000088500000, 0x0000000088500000, 0x0000000088600000|  0%| F|  |TS  1|AC  0|TAMS 0x0000000088500000, 0x0000000088500000|
| 106|0x0000000088600000, 0x0000000088600000, 0x0000000088700000|  0%| F|  |TS  1|AC  0|TAMS 0x0000000088600000, 0x0000000088600000|
| 107|0x0000000088700000, 0x0000000088700000, 0x0000000088800000|  0%| F|  |TS  1|AC  0|TAMS 0x0000000088700000, 0x0000000088700000|
| 108|0x0000000088800000, 0x0000000088800000, 0x0000000088900000|  0%| F|  |TS  1|AC  0|TAMS 0x0000000088800000, 0x0000000088800000|
| 109|0x0000000088900000, 0x0000000088900000, 0x0000000088a00000|  0%| F|  |TS  1|AC  0|TAMS 0x0000000088900000, 0x0000000088900000|
| 110|0x0000000088a00000, 0x0000000088a00000, 0x0000000088b00000|  0%| F|  |TS  1|AC  0|TAMS 0x0000000088a00000, 0x0000000088a00000|
| 111|0x0000000088b00000, 0x0000000088b00000, 0x0000000088c00000|  0%| F|  |TS  1|AC  0|TAMS 0x0000000088b00000, 0x0000000088b00000|
| 112|0x0000000088c00000, 0x0000000088c00000, 0x0000000088d00000|  0%| F|  |TS  1|AC  0|TAMS 0x0000000088c00000, 0x0000000088c00000|
| 113|0x0000000088d00000, 0x0000000088d00000, 0x0000000088e00000|  0%| F|  |TS  1|AC  0|TAMS 0x0000000088d00000, 0x0000000088d00000|
| 114|0x0000000088e00000, 0x0000000088e00000, 0x0000000088f00000|  0%| F|  |TS  1|AC  0|TAMS 0x0000000088e00000, 0x0000000088e00000|
| 115|0x0000000088f00000, 0x0000000088f00000, 0x0000000089000000|  0%| F|  |TS  1|AC  0|TAMS 0x0000000088f00000, 0x0000000088f00000|
| 116|0x0000000089000000, 0x0000000089000000, 0x0000000089100000|  0%| F|  |TS  1|AC  0|TAMS 0x0000000089000000, 0x0000000089000000|
| 117|0x0000000089100000, 0x0000000089180800, 0x0000000089200000| 50%| E|  |TS  1|AC  0|TAMS 0x0000000089100000, 0x0000000089100000|
| 118|0x0000000089200000, 0x0000000089300000, 0x0000000089300000|100%| E|CS|TS  1|AC  0|TAMS 0x0000000089200000, 0x0000000089200000|
| 119|0x0000000089300000, 0x0000000089400000, 0x0000000089400000|100%| E|CS|TS  1|AC  0|TAMS 0x0000000089300000, 0x0000000089300000|
| 120|0x0000000089400000, 0x0000000089500000, 0x0000000089500000|100%| E|CS|TS  1|AC  0|TAMS 0x0000000089400000, 0x0000000089400000|
| 121|0x0000000089500000, 0x0000000089600000, 0x0000000089600000|100%| E|CS|TS  1|AC  0|TAMS 0x0000000089500000, 0x0000000089500000|
| 122|0x0000000089600000, 0x0000000089700000, 0x0000000089700000|100%| E|CS|TS  1|AC  0|TAMS 0x0000000089600000, 0x0000000089600000|
| 123|0x0000000089700000, 0x0000000089800000, 0x0000000089800000|100%| E|CS|TS  1|AC  0|TAMS 0x0000000089700000, 0x0000000089700000|
| 124|0x0000000089800000, 0x0000000089900000, 0x0000000089900000|100%| E|CS|TS  1|AC  0|TAMS 0x0000000089800000, 0x0000000089800000|
| 125|0x0000000089900000, 0x0000000089a00000, 0x0000000089a00000|100%| E|CS|TS  1|AC  0|TAMS 0x0000000089900000, 0x0000000089900000|
| 126|0x0000000089a00000, 0x0000000089b00000, 0x0000000089b00000|100%| E|CS|TS  1|AC  0|TAMS 0x0000000089a00000, 0x0000000089a00000|
| 127|0x0000000089b00000, 0x0000000089c00000, 0x0000000089c00000|100%| E|CS|TS  1|AC  0|TAMS 0x0000000089b00000, 0x0000000089b00000|

Card table byte_map: [0x000001c9f8cc0000,0x000001c9f90c0000] byte_map_base: 0x000001c9f88b2000

Marking Bits (Prev, Next): (CMBitMap*) 0x000001c9f85541e0, (CMBitMap*) 0x000001c9f8554218
 Prev Bits: [0x000001c9f94c0000, 0x000001c9fb450000)
 Next Bits: [0x000001c9fb450000, 0x000001c9fd3e0000)

Polling page: 0x000001c9f6350000

CodeHeap 'non-profiled nmethods': size=120000Kb used=713Kb max_used=713Kb free=119286Kb
 bounds [0x000001c992d80000, 0x000001c992ff0000, 0x000001c99a2b0000]
CodeHeap 'profiled nmethods': size=120000Kb used=2594Kb max_used=2594Kb free=117405Kb
 bounds [0x000001c98b850000, 0x000001c98bae0000, 0x000001c992d80000]
CodeHeap 'non-nmethods': size=5760Kb used=1188Kb max_used=1209Kb free=4571Kb
 bounds [0x000001c98b2b0000, 0x000001c98b520000, 0x000001c98b850000]
 total_blobs=2413 nmethods=1530 adapters=459
 compilation: enabled

Compilation events (10 events):
Event: 5.023 Thread 0x000001c9ffe58000 1524       3       com.map.World::update (15 bytes)
Event: 5.023 Thread 0x000001c9ffe58000 nmethod 1524 0x000001c98bad2710 code [0x000001c98bad2900, 0x000001c98bad2c70]
Event: 5.023 Thread 0x000001c9ffe58000 1525   !   3       com.map.Floor::update (16 bytes)
Event: 5.024 Thread 0x000001c9ffe58000 nmethod 1525 0x000001c98bad2e10 code [0x000001c98bad2fe0, 0x000001c98bad3280]
Event: 5.033 Thread 0x000001c9ffe58000 1526       3       com.entities.Red_Wizard::update (35 bytes)
Event: 5.034 Thread 0x000001c9ffe58000 nmethod 1526 0x000001c98bad3390 code [0x000001c98bad3560, 0x000001c98bad37a0]
Event: 5.077 Thread 0x000001c9ffe58000 1527   !   3       java.awt.event.InvocationEvent::finishedDispatching (53 bytes)
Event: 5.078 Thread 0x000001c9ffe58000 nmethod 1527 0x000001c98bad3890 code [0x000001c98bad3a60, 0x000001c98bad3f00]
Event: 5.097 Thread 0x000001c99aafa000 1528 %     4       com.entities.Projectile::update @ 1223 (1363 bytes)
Event: 5.107 Thread 0x000001c99aafa000 nmethod 1528% 0x000001c992e31d90 code [0x000001c992e31f40, 0x000001c992e322d8]

GC Heap History (2 events):
Event: 3.897 GC heap before
{Heap before GC invocations=0 (full 0):
 garbage-first heap   total 131072K, used 30720K [0x0000000081c00000, 0x0000000100000000)
  region size 1024K, 24 young (24576K), 0 survivors (0K)
 Metaspace       used 15157K, capacity 15488K, committed 15872K, reserved 1062912K
  class space    used 1486K, capacity 1684K, committed 1792K, reserved 1048576K
}
Event: 3.905 GC heap after
{Heap after GC invocations=1 (full 0):
 garbage-first heap   total 131072K, used 9296K [0x0000000081c00000, 0x0000000100000000)
  region size 1024K, 3 young (3072K), 3 survivors (3072K)
 Metaspace       used 15157K, capacity 15488K, committed 15872K, reserved 1062912K
  class space    used 1486K, capacity 1684K, committed 1792K, reserved 1048576K
}

Deoptimization events (10 events):
Event: 0.248 Thread 0x000001c9f84b3800 Uncommon trap: reason=unstable_if action=reinterpret pc=0x000001c992d88d78 method=java.lang.String.isLatin1()Z @ 10 c2
Event: 0.472 Thread 0x000001c9f84b3800 Uncommon trap: reason=unstable_if action=reinterpret pc=0x000001c992da3f98 method=java.lang.StringLatin1.replace([BCC)Ljava/lang/String; @ 19 c2
Event: 0.613 Thread 0x000001c9f84b3800 Uncommon trap: reason=unstable_if action=reinterpret pc=0x000001c992d8d554 method=java.util.HashMap.putVal(ILjava/lang/Object;Ljava/lang/Object;ZZ)Ljava/lang/Object; @ 69 c2
Event: 1.090 Thread 0x000001c99b18e800 Uncommon trap: reason=class_check action=maybe_recompile pc=0x000001c992dd5ffc method=java.util.HashMap.putVal(ILjava/lang/Object;Ljava/lang/Object;ZZ)Ljava/lang/Object; @ 91 c2
Event: 1.091 Thread 0x000001c99b18e800 Uncommon trap: reason=class_check action=maybe_recompile pc=0x000001c992dd5ffc method=java.util.HashMap.putVal(ILjava/lang/Object;Ljava/lang/Object;ZZ)Ljava/lang/Object; @ 91 c2
Event: 1.120 Thread 0x000001c9f84b3800 Uncommon trap: reason=bimorphic_or_optimized_type_check action=maybe_recompile pc=0x000001c992dd5ea4 method=java.util.HashMap.putVal(ILjava/lang/Object;Ljava/lang/Object;ZZ)Ljava/lang/Object; @ 152 c2
Event: 1.264 Thread 0x000001c9f84b3800 Uncommon trap: reason=unstable_if action=reinterpret pc=0x000001c992dd37fc method=java.lang.AbstractStringBuilder.append(Ljava/lang/String;)Ljava/lang/AbstractStringBuilder; @ 1 c2
Event: 2.255 Thread 0x000001c99b60b000 Uncommon trap: reason=unstable_if action=reinterpret pc=0x000001c992dc62b0 method=com.sun.imageio.plugins.png.PNGImageReader.paethPredictor(III)I @ 41 c2
Event: 2.993 Thread 0x000001c99b60b000 Uncommon trap: reason=unstable_if action=reinterpret pc=0x000001c992e0e8f4 method=sun.java2d.SunGraphics2D.drawImage(Ljava/awt/Image;IIIILjava/awt/Color;Ljava/awt/image/ImageObserver;)Z @ 75 c2
Event: 3.004 Thread 0x000001c99b60b000 Uncommon trap: reason=unstable_if action=reinterpret pc=0x000001c992e109f0 method=sun.java2d.SunGraphics2D.drawImage(Ljava/awt/Image;IIIILjava/awt/Color;Ljava/awt/image/ImageObserver;)Z @ 75 c2

Classes redefined (0 events):
No events

Internal exceptions (10 events):
Event: 1.068 Thread 0x000001c9f84b3800 Exception <a 'java/lang/ClassNotFoundException'{0x000000008912c2b8}: com/sun/swing/internal/plaf/basic/resources/spi/basicProvider> (0x000000008912c2b8) thrown at [t:/workspace/open/src/hotspot/share/classfile/systemDictionary.cpp, line 233]
Event: 1.114 Thread 0x000001c9f84b3800 Exception <a 'java/lang/NoSuchMethodError'{0x0000000089160768}: java.lang.invoke.DirectMethodHandle$Holder.invokeStaticInit(Ljava/lang/Object;)V> (0x0000000089160768) thrown at [t:/workspace/open/src/hotspot/share/interpreter/linkResolver.cpp, line 741]
Event: 1.182 Thread 0x000001c9f84b3800 Exception <a 'java/lang/NoSuchMethodError'{0x0000000088f51158}: java.lang.invoke.DirectMethodHandle$Holder.invokeStatic(Ljava/lang/Object;Ljava/lang/Object;Ljava/lang/Object;Ljava/lang/Object;Ljava/lang/Object;Ljava/lang/Object;Ljava/lang/Object;Ljava/lan
Event: 1.188 Thread 0x000001c9f84b3800 Exception <a 'java/lang/NoSuchMethodError'{0x0000000088f71848}: java.lang.invoke.DirectMethodHandle$Holder.invokeStatic(Ljava/lang/Object;Ljava/lang/Object;Ljava/lang/Object;Ljava/lang/Object;Ljava/lang/Object;Ljava/lang/Object;Ljava/lang/Object;Ljava/lan
Event: 1.192 Thread 0x000001c9f84b3800 Exception <a 'java/lang/NoSuchMethodError'{0x0000000088f931d0}: java.lang.invoke.DirectMethodHandle$Holder.invokeStatic(Ljava/lang/Object;Ljava/lang/Object;Ljava/lang/Object;Ljava/lang/Object;Ljava/lang/Object;Ljava/lang/Object;Ljava/lang/Object;Ljava/lan
Event: 1.264 Thread 0x000001c9f84b3800 Implicit null exception at 0x000001c992dd3274 to 0x000001c992dd37e2
Event: 1.264 Thread 0x000001c9f84b3800 Exception <a 'java/io/FileNotFoundException'{0x0000000088fec590}> (0x0000000088fec590) thrown at [t:/workspace/open/src/hotspot/share/prims/jni.cpp, line 611]
Event: 1.273 Thread 0x000001c9f84b3800 Exception <a 'java/io/FileNotFoundException'{0x0000000088ffe340}> (0x0000000088ffe340) thrown at [t:/workspace/open/src/hotspot/share/prims/jni.cpp, line 611]
Event: 1.277 Thread 0x000001c9f84b3800 Exception <a 'java/io/FileNotFoundException'{0x0000000088e10088}> (0x0000000088e10088) thrown at [t:/workspace/open/src/hotspot/share/prims/jni.cpp, line 611]
Event: 1.282 Thread 0x000001c9f84b3800 Exception <a 'java/io/FileNotFoundException'{0x0000000088e21760}> (0x0000000088e21760) thrown at [t:/workspace/open/src/hotspot/share/prims/jni.cpp, line 611]

Events (10 events):
Event: 3.908 Executing VM operation: RevokeBias
Event: 3.908 Executing VM operation: RevokeBias done
Event: 3.908 Executing VM operation: RevokeBias
Event: 3.909 Executing VM operation: RevokeBias done
Event: 3.909 Executing VM operation: RevokeBias
Event: 3.909 Executing VM operation: RevokeBias done
Event: 5.110 Executing VM operation: RevokeBias
Event: 5.110 Executing VM operation: RevokeBias done
Event: 5.110 loading class gnu/io/SerialPortEvent
Event: 5.110 loading class gnu/io/SerialPortEvent done


Dynamic libraries:
0x00007ff794230000 - 0x00007ff79426e000 	C:\Program Files\Java\jdk-10.0.2\bin\java.exe
0x00007ffb40620000 - 0x00007ffb40801000 	C:\WINDOWS\SYSTEM32\ntdll.dll
0x00007ffb3fd20000 - 0x00007ffb3fdd2000 	C:\WINDOWS\System32\KERNEL32.DLL
0x00007ffb3d830000 - 0x00007ffb3daa3000 	C:\WINDOWS\System32\KERNELBASE.dll
0x00007ffb40410000 - 0x00007ffb404b1000 	C:\WINDOWS\System32\ADVAPI32.dll
0x00007ffb3ef60000 - 0x00007ffb3effe000 	C:\WINDOWS\System32\msvcrt.dll
0x00007ffb3f000000 - 0x00007ffb3f05b000 	C:\WINDOWS\System32\sechost.dll
0x00007ffb3f090000 - 0x00007ffb3f1b4000 	C:\WINDOWS\System32\RPCRT4.dll
0x00007ffb3fb90000 - 0x00007ffb3fd20000 	C:\WINDOWS\System32\USER32.dll
0x00007ffb3c9f0000 - 0x00007ffb3ca10000 	C:\WINDOWS\System32\win32u.dll
0x00007ffb3f590000 - 0x00007ffb3f5b8000 	C:\WINDOWS\System32\GDI32.dll
0x00007ffb3cb90000 - 0x00007ffb3cd22000 	C:\WINDOWS\System32\gdi32full.dll
0x00007ffb3caf0000 - 0x00007ffb3cb8f000 	C:\WINDOWS\System32\msvcp_win.dll
0x00007ffb3cd30000 - 0x00007ffb3ce28000 	C:\WINDOWS\System32\ucrtbase.dll
0x00007ffb20de0000 - 0x00007ffb21049000 	C:\WINDOWS\WinSxS\amd64_microsoft.windows.common-controls_6595b64144ccf1df_6.0.17134.648_none_fb45a0e93062a6d2\COMCTL32.dll
0x00007ffb29e70000 - 0x00007ffb29e7a000 	C:\WINDOWS\SYSTEM32\VERSION.dll
0x00007ffb40060000 - 0x00007ffb40382000 	C:\WINDOWS\System32\combase.dll
0x00007ffb3ca70000 - 0x00007ffb3caea000 	C:\WINDOWS\System32\bcryptPrimitives.dll
0x00007ffb3f1c0000 - 0x00007ffb3f1ed000 	C:\WINDOWS\System32\IMM32.DLL
0x00007ffb13380000 - 0x00007ffb1346f000 	C:\Program Files\Java\jdk-10.0.2\bin\msvcr120.dll
0x00007ffb0b0e0000 - 0x00007ffb0b186000 	C:\Program Files\Java\jdk-10.0.2\bin\msvcp120.dll
0x0000000059730000 - 0x000000005a1a0000 	C:\Program Files\Java\jdk-10.0.2\bin\server\jvm.dll
0x00007ffb40400000 - 0x00007ffb40408000 	C:\WINDOWS\System32\PSAPI.DLL
0x00007ffb29e80000 - 0x00007ffb29e89000 	C:\WINDOWS\SYSTEM32\WSOCK32.dll
0x00007ffb397b0000 - 0x00007ffb397d3000 	C:\WINDOWS\SYSTEM32\WINMM.dll
0x00007ffb40390000 - 0x00007ffb403fc000 	C:\WINDOWS\System32\WS2_32.dll
0x00007ffb39780000 - 0x00007ffb397aa000 	C:\WINDOWS\SYSTEM32\winmmbase.dll
0x00007ffb3ce30000 - 0x00007ffb3ce79000 	C:\WINDOWS\System32\cfgmgr32.dll
0x00007ffb32b20000 - 0x00007ffb32b2f000 	C:\Program Files\Java\jdk-10.0.2\bin\verify.dll
0x00007ffb386a0000 - 0x00007ffb38869000 	C:\WINDOWS\SYSTEM32\DBGHELP.DLL
0x00007ffb35740000 - 0x00007ffb35769000 	C:\WINDOWS\SYSTEM32\dbgcore.DLL
0x00007ffb327b0000 - 0x00007ffb327d7000 	C:\Program Files\Java\jdk-10.0.2\bin\java.dll
0x00007ffb207d0000 - 0x00007ffb207fa000 	C:\Program Files\Java\jdk-10.0.2\bin\instrument.dll
0x00007ffb26a10000 - 0x00007ffb26a26000 	C:\Program Files\Java\jdk-10.0.2\bin\zip.dll
0x00007ffb27640000 - 0x00007ffb2764a000 	C:\Program Files\Java\jdk-10.0.2\bin\jimage.dll
0x00007ffb3dac0000 - 0x00007ffb3ef00000 	C:\WINDOWS\System32\SHELL32.dll
0x00007ffb3f440000 - 0x00007ffb3f4e9000 	C:\WINDOWS\System32\shcore.dll
0x00007ffb3ce80000 - 0x00007ffb3d58d000 	C:\WINDOWS\System32\windows.storage.dll
0x00007ffb3fde0000 - 0x00007ffb3fe31000 	C:\WINDOWS\System32\shlwapi.dll
0x00007ffb3c9d0000 - 0x00007ffb3c9e1000 	C:\WINDOWS\System32\kernel.appcore.dll
0x00007ffb3c950000 - 0x00007ffb3c96f000 	C:\WINDOWS\System32\profapi.dll
0x00007ffb3c980000 - 0x00007ffb3c9cc000 	C:\WINDOWS\System32\powrprof.dll
0x00007ffb3c970000 - 0x00007ffb3c97a000 	C:\WINDOWS\System32\FLTLIB.DLL
0x00007ffb258f0000 - 0x00007ffb2590a000 	C:\Program Files\Java\jdk-10.0.2\bin\net.dll
0x00007ffb38240000 - 0x00007ffb3831d000 	C:\WINDOWS\SYSTEM32\WINHTTP.dll
0x00007ffb3c1b0000 - 0x00007ffb3c216000 	C:\WINDOWS\system32\mswsock.dll
0x00007ffb23cb0000 - 0x00007ffb23cc1000 	C:\Program Files\Java\jdk-10.0.2\bin\nio.dll
0x00007ffb1edd0000 - 0x00007ffb1edea000 	C:\Program Files\JetBrains\IntelliJ IDEA Community Edition 2018.2.3\bin\breakgen64.dll
0x00007ffaebf20000 - 0x00007ffaec0bb000 	C:\Program Files\Java\jdk-10.0.2\bin\awt.dll
0x00007ffb40520000 - 0x00007ffb405e3000 	C:\WINDOWS\System32\OLEAUT32.dll
0x00007ffb39fe0000 - 0x00007ffb3a5a7000 	C:\WINDOWS\SYSTEM32\d2d1.dll
0x00007ffb3aca0000 - 0x00007ffb3ad2b000 	C:\WINDOWS\SYSTEM32\apphelp.dll
0x00007ffb3b0a0000 - 0x00007ffb3b0c9000 	C:\WINDOWS\system32\DWMAPI.DLL
0x00007ffb3ad70000 - 0x00007ffb3ae08000 	C:\WINDOWS\system32\uxtheme.dll
0x00007ffb16510000 - 0x00007ffb16630000 	C:\WINDOWS\system32\opengl32.dll
0x00007ffb164a0000 - 0x00007ffb164cc000 	C:\WINDOWS\SYSTEM32\GLU32.dll
0x00007ffb3f5c0000 - 0x00007ffb3f733000 	C:\WINDOWS\System32\MSCTF.dll
0x00007ffb3f2e0000 - 0x00007ffb3f431000 	C:\WINDOWS\System32\ole32.dll
0x00007ffb3c360000 - 0x00007ffb3c377000 	C:\WINDOWS\SYSTEM32\CRYPTSP.dll
0x00007ffb3bd90000 - 0x00007ffb3bdc3000 	C:\WINDOWS\system32\rsaenh.dll
0x00007ffb3c490000 - 0x00007ffb3c4b5000 	C:\WINDOWS\SYSTEM32\bcrypt.dll
0x00007ffb3c830000 - 0x00007ffb3c858000 	C:\WINDOWS\SYSTEM32\USERENV.dll
0x00007ffb3c380000 - 0x00007ffb3c38b000 	C:\WINDOWS\SYSTEM32\CRYPTBASE.dll
0x00007ffb3bf30000 - 0x00007ffb3bf68000 	C:\WINDOWS\SYSTEM32\IPHLPAPI.DLL
0x00007ffb3dab0000 - 0x00007ffb3dab8000 	C:\WINDOWS\System32\NSI.dll
0x00007ffb2e880000 - 0x00007ffb2e896000 	C:\WINDOWS\SYSTEM32\dhcpcsvc6.DLL
0x00007ffb2e930000 - 0x00007ffb2e94a000 	C:\WINDOWS\SYSTEM32\dhcpcsvc.DLL
0x00007ffb05700000 - 0x00007ffb05765000 	C:\Program Files\Java\jdk-10.0.2\bin\fontmanager.dll
0x00007ffb2ced0000 - 0x00007ffb2cf66000 	C:\WINDOWS\System32\TextInputFramework.dll
0x00007ffb37a30000 - 0x00007ffb37d4e000 	C:\WINDOWS\System32\CoreUIComponents.dll
0x00007ffb3aa90000 - 0x00007ffb3ab6a000 	C:\WINDOWS\System32\CoreMessaging.dll
0x00007ffb3ba20000 - 0x00007ffb3ba51000 	C:\WINDOWS\SYSTEM32\ntmarta.dll
0x00007ffb38a90000 - 0x00007ffb38bdd000 	C:\WINDOWS\SYSTEM32\wintypes.dll
0x0000000180000000 - 0x0000000180025000 	C:\Users\Plane\Desktop\My Stuff\Programming\DragonHacksSpring2019\DragonHacks19\rxtxSerial.dll

dbghelp: loaded successfully - version: 4.0.5 - missing functions: none
symbol engine: initialized successfully - sym options: 0x614 - pdb path: .;C:\Program Files\Java\jdk-10.0.2\bin;C:\WINDOWS\SYSTEM32;C:\WINDOWS\WinSxS\amd64_microsoft.windows.common-controls_6595b64144ccf1df_6.0.17134.648_none_fb45a0e93062a6d2;C:\Program Files\Java\jdk-10.0.2\bin\server;C:\Program Files\JetBrains\IntelliJ IDEA Community Edition 2018.2.3\bin;C:\Users\Plane\Desktop\My Stuff\Programming\DragonHacksSpring2019\DragonHacks19

VM Arguments:
jvm_args: -javaagent:C:\Program Files\JetBrains\IntelliJ IDEA Community Edition 2018.2.3\lib\idea_rt.jar=52881:C:\Program Files\JetBrains\IntelliJ IDEA Community Edition 2018.2.3\bin -Dfile.encoding=UTF-8 
java_command: com.core.Main
java_class_path (initial): C:\Users\Plane\Desktop\My Stuff\Programming\DragonHacksSpring2019\DragonHacks19\out\production\DragonHacks19;C:\Users\Plane\Desktop\RXTXcomm.jar
Launcher Type: SUN_STANDARD

Logging:
Log output configuration:
#0: stdout all=warning uptime,level,tags
#1: stderr all=off uptime,level,tags

Environment Variables:
PATH=C:\Program Files (x86)\Common Files\Oracle\Java\javapath;C:\Program Files (x86)\NVIDIA Corporation\PhysX\Common;C:\Program Files (x86)\Intel\Intel(R) Management Engine Components\iCLS\;C:\Program Files\Intel\Intel(R) Management Engine Components\iCLS\;C:\WINDOWS\system32;C:\WINDOWS;C:\WINDOWS\System32\Wbem;C:\WINDOWS\System32\WindowsPowerShell\v1.0\;C:\Program Files (x86)\Intel\Intel(R) Management Engine Components\DAL;C:\Program Files\Intel\Intel(R) Management Engine Components\DAL;C:\Program Files (x86)\Intel\Intel(R) Management Engine Components\IPT;C:\Program Files\Intel\Intel(R) Management Engine Components\IPT;C:\Program Files\Microsoft VS Code\bin;C:\Program Files\nodejs\;C:\WINDOWS\System32\OpenSSH\;C:\Program Files\Intel\WiFi\bin\;C:\Program Files\Common Files\Intel\WirelessCommon\;C:\Program Files (x86)\Gpg4win\..\GnuPG\bin;C:\Users\Plane\AppData\Local\Programs\Python\Python37-32\Scripts\;C:\Users\Plane\AppData\Local\Programs\Python\Python37-32\;C:\Users\Plane\AppData\Local\Microsoft\WindowsApps;C:\Users\Plane\AppData\Roaming\npm;C:\Users\Plane\AppData\Local\atom\bin;C:\Users\Plane\.lein\bin
USERNAME=Plane
OS=Windows_NT
PROCESSOR_IDENTIFIER=Intel64 Family 6 Model 142 Stepping 10, GenuineIntel



---------------  S Y S T E M  ---------------

OS: Windows 10 , 64 bit Build 17134 (10.0.17134.648)

CPU:total 8 (initial active 8) (4 cores per cpu, 2 threads per core) family 6 model 142 stepping 10, cmov, cx8, fxsr, mmx, sse, sse2, sse3, ssse3, sse4.1, sse4.2, popcnt, avx, avx2, aes, clmul, erms, 3dnowpref, lzcnt, ht, tsc, tscinvbit, bmi1, bmi2, adx, fma

Memory: 4k page, physical 8270308k(2162520k free), swap 12333540k(2955744k free)

vm_info: Java HotSpot(TM) 64-Bit Server VM (10.0.2+13) for windows-amd64 JRE (10.0.2+13), built on Jun 28 2018 01:57:56 by "mach5one" with MS VC++ 12.0 (VS2013)

END.
