#
# A fatal error has been detected by the Java Runtime Environment:
#
#  EXCEPTION_ACCESS_VIOLATION (0xc0000005) at pc=0x0000000180005b00, pid=15400, tid=13080
#
# JRE version: Java(TM) SE Runtime Environment (10.0.2+13) (build 10.0.2+13)
# Java VM: Java HotSpot(TM) 64-Bit Server VM (10.0.2+13, mixed mode, tiered, compressed oops, g1 gc, windows-amd64)
# Problematic frame:
# C  [rxtxSerial.dll+0x5b00]
#
# No core dump will be written. Minidumps are not enabled by default on client versions of Windows
#
# If you would like to submit a bug report, please visit:
#   http://bugreport.java.com/bugreport/crash.jsp
# The crash happened outside the Java Virtual Machine in native code.
# See problematic frame for where to report the bug.
#

---------------  S U M M A R Y ------------

Command Line: -javaagent:C:\Program Files\JetBrains\IntelliJ IDEA Community Edition 2018.2.3\lib\idea_rt.jar=52870:C:\Program Files\JetBrains\IntelliJ IDEA Community Edition 2018.2.3\bin -Dfile.encoding=UTF-8 com.core.Main

Host: Intel(R) Core(TM) i7-8550U CPU @ 1.80GHz, 8 cores, 7G,  Windows 10 , 64 bit Build 17134 (10.0.17134.648)
Time: Sun Apr 21 12:49:27 2019 Eastern Daylight Time elapsed time: 6 seconds (0d 0h 0m 6s)

---------------  T H R E A D  ---------------

Current thread (0x000002a2b7b47800):  JavaThread "Thread-2" [_thread_in_native, id=13080, stack(0x000000c2c7600000,0x000000c2c7700000)]

Stack: [0x000000c2c7600000,0x000000c2c7700000],  sp=0x000000c2c76fdeb0,  free space=1015k
Native frames: (J=compiled Java code, j=interpreted, Vv=VM code, C=native code)
C  [rxtxSerial.dll+0x5b00]

Java frames: (J=compiled Java code, j=interpreted, Vv=VM code)
j  gnu.io.RXTXPort.readArray([BII)I+0
j  gnu.io.RXTXPort$SerialInputStream.read([BII)I+212
j  sun.nio.cs.StreamDecoder.readBytes()I+135 java.base@10.0.2
j  sun.nio.cs.StreamDecoder.implRead([CII)I+112 java.base@10.0.2
j  sun.nio.cs.StreamDecoder.read([CII)I+180 java.base@10.0.2
j  java.io.InputStreamReader.read([CII)I+7 java.base@10.0.2
j  java.io.BufferedReader.fill()V+145 java.base@10.0.2
j  java.io.BufferedReader.readLine(Z)Ljava/lang/String;+44 java.base@10.0.2
j  java.io.BufferedReader.readLine()Ljava/lang/String;+2 java.base@10.0.2
j  com.controls.SerialParse.serialEvent(Lgnu/io/SerialPortEvent;)V+26
j  gnu.io.RXTXPort.sendEvent(IZ)Z+382
v  ~StubRoutines::call_stub
j  gnu.io.RXTXPort.eventLoop()V+0
j  gnu.io.RXTXPort$MonitorThread.run()V+12
v  ~StubRoutines::call_stub

siginfo: EXCEPTION_ACCESS_VIOLATION (0xc0000005), reading address 0xffffffffc76fecb8


Register to memory mapping:

RIP=0x0000000180005b00 rxtxSerial.dll
RAX=0x0000000000000001 is an unknown value
RBX=0x0000000000000000 is an unknown value
RCX=0x000000018001d4d5 rxtxSerial.dll
RDX=0xfffffffffffff665 is an unknown value
RSP=0x000000c2c76fdeb0 is pointing into the stack for thread: 0x000002a2b7b47800
RBP=
[error occurred during error reporting (printing register info), id 0xc0000005]

Registers:
RAX=0x0000000000000001, RBX=0x0000000000000000, RCX=0x000000018001d4d5, RDX=0xfffffffffffff665
RSP=0x000000c2c76fdeb0, RBP=0x00000000ffffffff, RSI=0x0000000000000000, RDI=0x000002a2b7b47a70
R8 =0x0000000000000002, R9 =0xfffffffffffff63c, R10=0x0000000000000098, R11=0x8101010101010100
R12=0xffffffffc76fecb0, R13=0x000000000000000e, R14=0x000000c2c76fe098, R15=0x0000000000000000
RIP=0x0000000180005b00, EFLAGS=0x0000000000010202

Top of Stack: (sp=0x000000c2c76fdeb0)
0x000000c2c76fdeb0:   0000000000000000 0000000000000000
0x000000c2c76fdec0:   000000c2c76fe0a0 0000000000000000
0x000000c2c76fded0:   0000000000000000 000000c2c76fe098
0x000000c2c76fdee0:   000002a2b9eeef98 0000000000000001
0x000000c2c76fdef0:   000002a2b7b47a70 000000000000000e
0x000000c2c76fdf00:   ffffffffffffffff 0000000180006211
0x000000c2c76fdf10:   000002a2b81b23d0 0000000000000000
0x000000c2c76fdf20:   ffffffff00000001 000002a2b81b23d0
0x000000c2c76fdf30:   000000c20000000e 00000000ffffffff
0x000000c2c76fdf40:   000000c2c76fe0a0 000002a2b9eeefa0
0x000000c2c76fdf50:   000002a2b9eeefa0 000002a2b7651920
0x000000c2c76fdf60:   000000c2c76fe938 0000000059a946e3
0x000000c2c76fdf70:   000002a2b7b47800 0000000059c89277
0x000000c2c76fdf80:   3ff0000000000000 0000fa1db10c16cb
0x000000c2c76fdf90:   000002a2b9eeefa0 000002a2b9eeef98
0x000000c2c76fdfa0:   000002a2b7b47800 000000c2c76fe0a0 

Instructions: (pc=0x0000000180005b00)
0x0000000180005ae0:   15 23 7a 01 00 48 8d 48 60 e8 3a 5d 00 00 4c 8b
0x0000000180005af0:   e5 8b ac 24 88 00 00 00 44 8b ac 24 80 00 00 00
0x0000000180005b00:   45 8b 74 24 08 41 89 5c 24 08 41 8b fd 85 ed 78
0x0000000180005b10:   09 ff 15 e9 14 01 00 44 8b f8 45 85 ed 7e 4a 90 



---------------  P R O C E S S  ---------------

Threads class SMR info:
_java_thread_list=0x000002a2b78bb9f0, length=20, elements={
0x000002a2b65e1000, 0x000002a2b65e9800, 0x000002a2b6f34800, 0x000002a2b6f35000,
0x000002a2b6f3a000, 0x000002a2b6f3c800, 0x000002a2b6f40800, 0x000002a2b65f3000,
0x000002a2b6f72800, 0x000002a2b75bf800, 0x000002a2b72bc000, 0x000002a2b72ee800,
0x000002a2b7463000, 0x000002a2b746e800, 0x000002a2b7472000, 0x000002a2b79c2800,
0x000002a2b7b47800, 0x000002a2b88f2800, 0x000002a2b88f3000, 0x000002a294992800
}

Java Threads: ( => current thread )
  0x000002a2b65e1000 JavaThread "Reference Handler" daemon [_thread_blocked, id=12636, stack(0x000000c2c6500000,0x000000c2c6600000)]
  0x000002a2b65e9800 JavaThread "Finalizer" daemon [_thread_blocked, id=6320, stack(0x000000c2c6600000,0x000000c2c6700000)]
  0x000002a2b6f34800 JavaThread "Signal Dispatcher" daemon [_thread_blocked, id=2640, stack(0x000000c2c6700000,0x000000c2c6800000)]
  0x000002a2b6f35000 JavaThread "Attach Listener" daemon [_thread_blocked, id=14324, stack(0x000000c2c6800000,0x000000c2c6900000)]
  0x000002a2b6f3a000 JavaThread "C2 CompilerThread0" daemon [_thread_blocked, id=22276, stack(0x000000c2c6900000,0x000000c2c6a00000)]
  0x000002a2b6f3c800 JavaThread "C2 CompilerThread1" daemon [_thread_blocked, id=16376, stack(0x000000c2c6a00000,0x000000c2c6b00000)]
  0x000002a2b6f40800 JavaThread "C2 CompilerThread2" daemon [_thread_blocked, id=14052, stack(0x000000c2c6b00000,0x000000c2c6c00000)]
  0x000002a2b65f3000 JavaThread "C1 CompilerThread3" daemon [_thread_blocked, id=15928, stack(0x000000c2c6c00000,0x000000c2c6d00000)]
  0x000002a2b6f72800 JavaThread "Sweeper thread" daemon [_thread_blocked, id=8896, stack(0x000000c2c6d00000,0x000000c2c6e00000)]
  0x000002a2b75bf800 JavaThread "Common-Cleaner" daemon [_thread_blocked, id=19264, stack(0x000000c2c6e00000,0x000000c2c6f00000)]
  0x000002a2b72bc000 JavaThread "Monitor Ctrl-Break" daemon [_thread_in_native, id=12984, stack(0x000000c2c6f00000,0x000000c2c7000000)]
  0x000002a2b72ee800 JavaThread "Service Thread" daemon [_thread_blocked, id=21264, stack(0x000000c2c7000000,0x000000c2c7100000)]
  0x000002a2b7463000 JavaThread "Java2D Disposer" daemon [_thread_blocked, id=4816, stack(0x000000c2c7200000,0x000000c2c7300000)]
  0x000002a2b746e800 JavaThread "AWT-Shutdown" [_thread_blocked, id=2636, stack(0x000000c2c7300000,0x000000c2c7400000)]
  0x000002a2b7472000 JavaThread "AWT-Windows" daemon [_thread_in_native, id=16164, stack(0x000000c2c7400000,0x000000c2c7500000)]
  0x000002a2b79c2800 JavaThread "AWT-EventQueue-0" [_thread_in_native, id=3028, stack(0x000000c2c7500000,0x000000c2c7600000)]
=>0x000002a2b7b47800 JavaThread "Thread-2" [_thread_in_native, id=13080, stack(0x000000c2c7600000,0x000000c2c7700000)]
  0x000002a2b88f2800 JavaThread "Thread-0" [_thread_blocked, id=6208, stack(0x000000c2c7700000,0x000000c2c7800000)]
  0x000002a2b88f3000 JavaThread "Thread-1" [_thread_blocked, id=5540, stack(0x000000c2c7800000,0x000000c2c7900000)]
  0x000002a294992800 JavaThread "DestroyJavaVM" [_thread_blocked, id=15620, stack(0x000000c2c4f00000,0x000000c2c5000000)]

Other Threads:
  0x000002a2b65cf000 VMThread "VM Thread" [stack: 0x000000c2c6400000,0x000000c2c6500000] [id=8264]
  0x000002a2b72c8800 WatcherThread [stack: 0x000000c2c7100000,0x000000c2c7200000] [id=1716]
  0x000002a2949ac800 GCTaskThread "GC Thread#0" [stack: 0x000000c2c5000000,0x000000c2c5100000] [id=10652]
  0x000002a2949ae000 GCTaskThread "GC Thread#1" [stack: 0x000000c2c5100000,0x000000c2c5200000] [id=10848]
  0x000002a2949af800 GCTaskThread "GC Thread#2" [stack: 0x000000c2c5200000,0x000000c2c5300000] [id=22300]
  0x000002a2949b2000 GCTaskThread "GC Thread#3" [stack: 0x000000c2c5300000,0x000000c2c5400000] [id=20244]
  0x000002a2949b4000 GCTaskThread "GC Thread#4" [stack: 0x000000c2c5400000,0x000000c2c5500000] [id=20408]
  0x000002a2949b8800 GCTaskThread "GC Thread#5" [stack: 0x000000c2c5500000,0x000000c2c5600000] [id=3164]
  0x000002a2949bf000 GCTaskThread "GC Thread#6" [stack: 0x000000c2c5600000,0x000000c2c5700000] [id=21340]
  0x000002a2949c0800 GCTaskThread "GC Thread#7" [stack: 0x000000c2c5700000,0x000000c2c5800000] [id=20740]
  0x000002a294a2a000 ConcurrentGCThread "G1 Main Marker" [stack: 0x000000c2c5800000,0x000000c2c5900000] [id=8]
  0x000002a294a2b000 ConcurrentGCThread "G1 Conc#0" [stack: 0x000000c2c5900000,0x000000c2c5a00000] [id=12184]
  0x000002a294a2c000 ConcurrentGCThread "G1 Conc#1" [stack: 0x000000c2c5a00000,0x000000c2c5b00000] [id=12816]
  0x000002a2b6446800 ConcurrentGCThread "G1 Refine#0" [stack: 0x000000c2c5b00000,0x000000c2c5c00000] [id=19648]
  0x000002a2b6449800 ConcurrentGCThread "G1 Refine#1" [stack: 0x000000c2c5c00000,0x000000c2c5d00000] [id=12028]
  0x000002a2b644a800 ConcurrentGCThread "G1 Refine#2" [stack: 0x000000c2c5d00000,0x000000c2c5e00000] [id=1940]
  0x000002a2b644c800 ConcurrentGCThread "G1 Refine#3" [stack: 0x000000c2c5e00000,0x000000c2c5f00000] [id=20568]
  0x000002a2b6457800 ConcurrentGCThread "G1 Refine#4" [stack: 0x000000c2c5f00000,0x000000c2c6000000] [id=21096]
  0x000002a2b6458800 ConcurrentGCThread "G1 Refine#5" [stack: 0x000000c2c6000000,0x000000c2c6100000] [id=11184]
  0x000002a2b645d800 ConcurrentGCThread "G1 Refine#6" [stack: 0x000000c2c6100000,0x000000c2c6200000] [id=22372]
  0x000002a2b645e000 ConcurrentGCThread "G1 Refine#7" [stack: 0x000000c2c6200000,0x000000c2c6300000] [id=14992]
  0x000002a2b645f000 ConcurrentGCThread "G1 Young RemSet Sampling" [stack: 0x000000c2c6300000,0x000000c2c6400000] [id=16896]

Threads with active compile tasks:

VM state:not at safepoint (normal execution)

VM Mutex/Monitor currently owned by a thread: None

Heap address: 0x0000000081c00000, size: 2020 MB, Compressed Oops mode: 32-bit
Narrow klass base: 0x0000000000000000, Narrow klass shift: 3
Compressed class space size: 1073741824 Address: 0x0000000100000000

Heap:
 garbage-first heap   total 131072K, used 15460K [0x0000000081c00000, 0x0000000100000000)
  region size 1024K, 10 young (10240K), 3 survivors (3072K)
 Metaspace       used 15315K, capacity 15681K, committed 16128K, reserved 1062912K
  class space    used 1488K, capacity 1684K, committed 1792K, reserved 1048576K
Heap Regions: E=young(eden), S=young(survivor), O=old, HS=humongous(starts), HC=humongous(continues), CS=collection set, F=free, A=archive, TS=gc time stamp, AC=allocation context, TAMS=top-at-mark-start (previous, next)
|   0|0x0000000081c00000, 0x0000000081d00000, 0x0000000081d00000|100%|HS|  |TS  0|AC  0|TAMS 0x0000000081c00000, 0x0000000081c00000|
|   1|0x0000000081d00000, 0x0000000081e00000, 0x0000000081e00000|100%|HC|  |TS  0|AC  0|TAMS 0x0000000081d00000, 0x0000000081d00000|
|   2|0x0000000081e00000, 0x0000000081f00000, 0x0000000081f00000|100%|HS|  |TS  0|AC  0|TAMS 0x0000000081e00000, 0x0000000081e00000|
|   3|0x0000000081f00000, 0x0000000082000000, 0x0000000082000000|100%|HC|  |TS  0|AC  0|TAMS 0x0000000081f00000, 0x0000000081f00000|
|   4|0x0000000082000000, 0x0000000082100000, 0x0000000082100000|100%|HC|  |TS  0|AC  0|TAMS 0x0000000082000000, 0x0000000082000000|
|   5|0x0000000082100000, 0x0000000082200000, 0x0000000082200000|100%|HC|  |TS  0|AC  0|TAMS 0x0000000082100000, 0x0000000082100000|
|   6|0x0000000082200000, 0x0000000082219000, 0x0000000082300000|  9%| O|  |TS  1|AC  0|TAMS 0x0000000082200000, 0x0000000082200000|
|   7|0x0000000082300000, 0x0000000082300000, 0x0000000082400000|  0%| F|  |TS  0|AC  0|TAMS 0x0000000082300000, 0x0000000082300000|
|   8|0x0000000082400000, 0x0000000082400000, 0x0000000082500000|  0%| F|  |TS  0|AC  0|TAMS 0x0000000082400000, 0x0000000082400000|
|   9|0x0000000082500000, 0x0000000082500000, 0x0000000082600000|  0%| F|  |TS  0|AC  0|TAMS 0x0000000082500000, 0x0000000082500000|
|  10|0x0000000082600000, 0x0000000082600000, 0x0000000082700000|  0%| F|  |TS  0|AC  0|TAMS 0x0000000082600000, 0x0000000082600000|
|  11|0x0000000082700000, 0x0000000082700000, 0x0000000082800000|  0%| F|  |TS  0|AC  0|TAMS 0x0000000082700000, 0x0000000082700000|
|  12|0x0000000082800000, 0x0000000082800000, 0x0000000082900000|  0%| F|  |TS  0|AC  0|TAMS 0x0000000082800000, 0x0000000082800000|
|  13|0x0000000082900000, 0x0000000082900000, 0x0000000082a00000|  0%| F|  |TS  0|AC  0|TAMS 0x0000000082900000, 0x0000000082900000|
|  14|0x0000000082a00000, 0x0000000082a00000, 0x0000000082b00000|  0%| F|  |TS  0|AC  0|TAMS 0x0000000082a00000, 0x0000000082a00000|
|  15|0x0000000082b00000, 0x0000000082b00000, 0x0000000082c00000|  0%| F|  |TS  0|AC  0|TAMS 0x0000000082b00000, 0x0000000082b00000|
|  16|0x0000000082c00000, 0x0000000082c00000, 0x0000000082d00000|  0%| F|  |TS  0|AC  0|TAMS 0x0000000082c00000, 0x0000000082c00000|
|  17|0x0000000082d00000, 0x0000000082d00000, 0x0000000082e00000|  0%| F|  |TS  0|AC  0|TAMS 0x0000000082d00000, 0x0000000082d00000|
|  18|0x0000000082e00000, 0x0000000082e00000, 0x0000000082f00000|  0%| F|  |TS  0|AC  0|TAMS 0x0000000082e00000, 0x0000000082e00000|
|  19|0x0000000082f00000, 0x0000000082f00000, 0x0000000083000000|  0%| F|  |TS  0|AC  0|TAMS 0x0000000082f00000, 0x0000000082f00000|
|  20|0x0000000083000000, 0x0000000083000000, 0x0000000083100000|  0%| F|  |TS  0|AC  0|TAMS 0x0000000083000000, 0x0000000083000000|
|  21|0x0000000083100000, 0x0000000083100000, 0x0000000083200000|  0%| F|  |TS  0|AC  0|TAMS 0x0000000083100000, 0x0000000083100000|
|  22|0x0000000083200000, 0x0000000083200000, 0x0000000083300000|  0%| F|  |TS  0|AC  0|TAMS 0x0000000083200000, 0x0000000083200000|
|  23|0x0000000083300000, 0x0000000083300000, 0x0000000083400000|  0%| F|  |TS  0|AC  0|TAMS 0x0000000083300000, 0x0000000083300000|
|  24|0x0000000083400000, 0x0000000083400000, 0x0000000083500000|  0%| F|  |TS  0|AC  0|TAMS 0x0000000083400000, 0x0000000083400000|
|  25|0x0000000083500000, 0x0000000083500000, 0x0000000083600000|  0%| F|  |TS  0|AC  0|TAMS 0x0000000083500000, 0x0000000083500000|
|  26|0x0000000083600000, 0x0000000083600000, 0x0000000083700000|  0%| F|  |TS  0|AC  0|TAMS 0x0000000083600000, 0x0000000083600000|
|  27|0x0000000083700000, 0x0000000083700000, 0x0000000083800000|  0%| F|  |TS  0|AC  0|TAMS 0x0000000083700000, 0x0000000083700000|
|  28|0x0000000083800000, 0x0000000083800000, 0x0000000083900000|  0%| F|  |TS  0|AC  0|TAMS 0x0000000083800000, 0x0000000083800000|
|  29|0x0000000083900000, 0x0000000083900000, 0x0000000083a00000|  0%| F|  |TS  0|AC  0|TAMS 0x0000000083900000, 0x0000000083900000|
|  30|0x0000000083a00000, 0x0000000083a00000, 0x0000000083b00000|  0%| F|  |TS  0|AC  0|TAMS 0x0000000083a00000, 0x0000000083a00000|
|  31|0x0000000083b00000, 0x0000000083b00000, 0x0000000083c00000|  0%| F|  |TS  0|AC  0|TAMS 0x0000000083b00000, 0x0000000083b00000|
|  32|0x0000000083c00000, 0x0000000083c00000, 0x0000000083d00000|  0%| F|  |TS  0|AC  0|TAMS 0x0000000083c00000, 0x0000000083c00000|
|  33|0x0000000083d00000, 0x0000000083d00000, 0x0000000083e00000|  0%| F|  |TS  0|AC  0|TAMS 0x0000000083d00000, 0x0000000083d00000|
|  34|0x0000000083e00000, 0x0000000083e00000, 0x0000000083f00000|  0%| F|  |TS  0|AC  0|TAMS 0x0000000083e00000, 0x0000000083e00000|
|  35|0x0000000083f00000, 0x0000000083f00000, 0x0000000084000000|  0%| F|  |TS  0|AC  0|TAMS 0x0000000083f00000, 0x0000000083f00000|
|  36|0x0000000084000000, 0x0000000084000000, 0x0000000084100000|  0%| F|  |TS  0|AC  0|TAMS 0x0000000084000000, 0x0000000084000000|
|  37|0x0000000084100000, 0x0000000084100000, 0x0000000084200000|  0%| F|  |TS  0|AC  0|TAMS 0x0000000084100000, 0x0000000084100000|
|  38|0x0000000084200000, 0x0000000084200000, 0x0000000084300000|  0%| F|  |TS  0|AC  0|TAMS 0x0000000084200000, 0x0000000084200000|
|  39|0x0000000084300000, 0x0000000084300000, 0x0000000084400000|  0%| F|  |TS  0|AC  0|TAMS 0x0000000084300000, 0x0000000084300000|
|  40|0x0000000084400000, 0x0000000084400000, 0x0000000084500000|  0%| F|  |TS  0|AC  0|TAMS 0x0000000084400000, 0x0000000084400000|
|  41|0x0000000084500000, 0x0000000084500000, 0x0000000084600000|  0%| F|  |TS  0|AC  0|TAMS 0x0000000084500000, 0x0000000084500000|
|  42|0x0000000084600000, 0x0000000084600000, 0x0000000084700000|  0%| F|  |TS  0|AC  0|TAMS 0x0000000084600000, 0x0000000084600000|
|  43|0x0000000084700000, 0x0000000084700000, 0x0000000084800000|  0%| F|  |TS  0|AC  0|TAMS 0x0000000084700000, 0x0000000084700000|
|  44|0x0000000084800000, 0x0000000084800000, 0x0000000084900000|  0%| F|  |TS  0|AC  0|TAMS 0x0000000084800000, 0x0000000084800000|
|  45|0x0000000084900000, 0x0000000084900000, 0x0000000084a00000|  0%| F|  |TS  0|AC  0|TAMS 0x0000000084900000, 0x0000000084900000|
|  46|0x0000000084a00000, 0x0000000084a00000, 0x0000000084b00000|  0%| F|  |TS  0|AC  0|TAMS 0x0000000084a00000, 0x0000000084a00000|
|  47|0x0000000084b00000, 0x0000000084b00000, 0x0000000084c00000|  0%| F|  |TS  0|AC  0|TAMS 0x0000000084b00000, 0x0000000084b00000|
|  48|0x0000000084c00000, 0x0000000084c00000, 0x0000000084d00000|  0%| F|  |TS  0|AC  0|TAMS 0x0000000084c00000, 0x0000000084c00000|
|  49|0x0000000084d00000, 0x0000000084d00000, 0x0000000084e00000|  0%| F|  |TS  0|AC  0|TAMS 0x0000000084d00000, 0x0000000084d00000|
|  50|0x0000000084e00000, 0x0000000084e00000, 0x0000000084f00000|  0%| F|  |TS  0|AC  0|TAMS 0x0000000084e00000, 0x0000000084e00000|
|  51|0x0000000084f00000, 0x0000000084f00000, 0x0000000085000000|  0%| F|  |TS  0|AC  0|TAMS 0x0000000084f00000, 0x0000000084f00000|
|  52|0x0000000085000000, 0x0000000085000000, 0x0000000085100000|  0%| F|  |TS  0|AC  0|TAMS 0x0000000085000000, 0x0000000085000000|
|  53|0x0000000085100000, 0x0000000085100000, 0x0000000085200000|  0%| F|  |TS  0|AC  0|TAMS 0x0000000085100000, 0x0000000085100000|
|  54|0x0000000085200000, 0x0000000085200000, 0x0000000085300000|  0%| F|  |TS  0|AC  0|TAMS 0x0000000085200000, 0x0000000085200000|
|  55|0x0000000085300000, 0x0000000085300000, 0x0000000085400000|  0%| F|  |TS  0|AC  0|TAMS 0x0000000085300000, 0x0000000085300000|
|  56|0x0000000085400000, 0x0000000085400000, 0x0000000085500000|  0%| F|  |TS  0|AC  0|TAMS 0x0000000085400000, 0x0000000085400000|
|  57|0x0000000085500000, 0x0000000085500000, 0x0000000085600000|  0%| F|  |TS  0|AC  0|TAMS 0x0000000085500000, 0x0000000085500000|
|  58|0x0000000085600000, 0x0000000085600000, 0x0000000085700000|  0%| F|  |TS  0|AC  0|TAMS 0x0000000085600000, 0x0000000085600000|
|  59|0x0000000085700000, 0x0000000085700000, 0x0000000085800000|  0%| F|  |TS  0|AC  0|TAMS 0x0000000085700000, 0x0000000085700000|
|  60|0x0000000085800000, 0x0000000085800000, 0x0000000085900000|  0%| F|  |TS  0|AC  0|TAMS 0x0000000085800000, 0x0000000085800000|
|  61|0x0000000085900000, 0x0000000085900000, 0x0000000085a00000|  0%| F|  |TS  0|AC  0|TAMS 0x0000000085900000, 0x0000000085900000|
|  62|0x0000000085a00000, 0x0000000085a00000, 0x0000000085b00000|  0%| F|  |TS  0|AC  0|TAMS 0x0000000085a00000, 0x0000000085a00000|
|  63|0x0000000085b00000, 0x0000000085b00000, 0x0000000085c00000|  0%| F|  |TS  0|AC  0|TAMS 0x0000000085b00000, 0x0000000085b00000|
|  64|0x0000000085c00000, 0x0000000085c00000, 0x0000000085d00000|  0%| F|  |TS  0|AC  0|TAMS 0x0000000085c00000, 0x0000000085c00000|
|  65|0x0000000085d00000, 0x0000000085d00000, 0x0000000085e00000|  0%| F|  |TS  0|AC  0|TAMS 0x0000000085d00000, 0x0000000085d00000|
|  66|0x0000000085e00000, 0x0000000085e00000, 0x0000000085f00000|  0%| F|  |TS  0|AC  0|TAMS 0x0000000085e00000, 0x0000000085e00000|
|  67|0x0000000085f00000, 0x0000000085f00000, 0x0000000086000000|  0%| F|  |TS  0|AC  0|TAMS 0x0000000085f00000, 0x0000000085f00000|
|  68|0x0000000086000000, 0x0000000086000000, 0x0000000086100000|  0%| F|  |TS  0|AC  0|TAMS 0x0000000086000000, 0x0000000086000000|
|  69|0x0000000086100000, 0x0000000086100000, 0x0000000086200000|  0%| F|  |TS  0|AC  0|TAMS 0x0000000086100000, 0x0000000086100000|
|  70|0x0000000086200000, 0x0000000086200000, 0x0000000086300000|  0%| F|  |TS  0|AC  0|TAMS 0x0000000086200000, 0x0000000086200000|
|  71|0x0000000086300000, 0x0000000086300000, 0x0000000086400000|  0%| F|  |TS  0|AC  0|TAMS 0x0000000086300000, 0x0000000086300000|
|  72|0x0000000086400000, 0x0000000086400000, 0x0000000086500000|  0%| F|  |TS  0|AC  0|TAMS 0x0000000086400000, 0x0000000086400000|
|  73|0x0000000086500000, 0x0000000086500000, 0x0000000086600000|  0%| F|  |TS  0|AC  0|TAMS 0x0000000086500000, 0x0000000086500000|
|  74|0x0000000086600000, 0x0000000086600000, 0x0000000086700000|  0%| F|  |TS  0|AC  0|TAMS 0x0000000086600000, 0x0000000086600000|
|  75|0x0000000086700000, 0x0000000086700000, 0x0000000086800000|  0%| F|  |TS  0|AC  0|TAMS 0x0000000086700000, 0x0000000086700000|
|  76|0x0000000086800000, 0x0000000086800000, 0x0000000086900000|  0%| F|  |TS  0|AC  0|TAMS 0x0000000086800000, 0x0000000086800000|
|  77|0x0000000086900000, 0x0000000086900000, 0x0000000086a00000|  0%| F|  |TS  0|AC  0|TAMS 0x0000000086900000, 0x0000000086900000|
|  78|0x0000000086a00000, 0x0000000086a00000, 0x0000000086b00000|  0%| F|  |TS  0|AC  0|TAMS 0x0000000086a00000, 0x0000000086a00000|
|  79|0x0000000086b00000, 0x0000000086b00000, 0x0000000086c00000|  0%| F|  |TS  0|AC  0|TAMS 0x0000000086b00000, 0x0000000086b00000|
|  80|0x0000000086c00000, 0x0000000086c00000, 0x0000000086d00000|  0%| F|  |TS  0|AC  0|TAMS 0x0000000086c00000, 0x0000000086c00000|
|  81|0x0000000086d00000, 0x0000000086d00000, 0x0000000086e00000|  0%| F|  |TS  0|AC  0|TAMS 0x0000000086d00000, 0x0000000086d00000|
|  82|0x0000000086e00000, 0x0000000086e00000, 0x0000000086f00000|  0%| F|  |TS  0|AC  0|TAMS 0x0000000086e00000, 0x0000000086e00000|
|  83|0x0000000086f00000, 0x0000000086f00000, 0x0000000087000000|  0%| F|  |TS  0|AC  0|TAMS 0x0000000086f00000, 0x0000000086f00000|
|  84|0x0000000087000000, 0x0000000087000000, 0x0000000087100000|  0%| F|  |TS  0|AC  0|TAMS 0x0000000087000000, 0x0000000087000000|
|  85|0x0000000087100000, 0x0000000087100000, 0x0000000087200000|  0%| F|  |TS  0|AC  0|TAMS 0x0000000087100000, 0x0000000087100000|
|  86|0x0000000087200000, 0x0000000087200000, 0x0000000087300000|  0%| F|  |TS  0|AC  0|TAMS 0x0000000087200000, 0x0000000087200000|
|  87|0x0000000087300000, 0x0000000087300000, 0x0000000087400000|  0%| F|  |TS  0|AC  0|TAMS 0x0000000087300000, 0x0000000087300000|
|  88|0x0000000087400000, 0x0000000087400000, 0x0000000087500000|  0%| F|  |TS  0|AC  0|TAMS 0x0000000087400000, 0x0000000087400000|
|  89|0x0000000087500000, 0x0000000087500000, 0x0000000087600000|  0%| F|  |TS  0|AC  0|TAMS 0x0000000087500000, 0x0000000087500000|
|  90|0x0000000087600000, 0x0000000087600000, 0x0000000087700000|  0%| F|  |TS  0|AC  0|TAMS 0x0000000087600000, 0x0000000087600000|
|  91|0x0000000087700000, 0x0000000087700000, 0x0000000087800000|  0%| F|  |TS  0|AC  0|TAMS 0x0000000087700000, 0x0000000087700000|
|  92|0x0000000087800000, 0x0000000087800000, 0x0000000087900000|  0%| F|  |TS  0|AC  0|TAMS 0x0000000087800000, 0x0000000087800000|
|  93|0x0000000087900000, 0x0000000087900000, 0x0000000087a00000|  0%| F|  |TS  0|AC  0|TAMS 0x0000000087900000, 0x0000000087900000|
|  94|0x0000000087a00000, 0x0000000087a00000, 0x0000000087b00000|  0%| F|  |TS  0|AC  0|TAMS 0x0000000087a00000, 0x0000000087a00000|
|  95|0x0000000087b00000, 0x0000000087b00000, 0x0000000087c00000|  0%| F|  |TS  0|AC  0|TAMS 0x0000000087b00000, 0x0000000087b00000|
|  96|0x0000000087c00000, 0x0000000087c00000, 0x0000000087d00000|  0%| F|  |TS  0|AC  0|TAMS 0x0000000087c00000, 0x0000000087c00000|
|  97|0x0000000087d00000, 0x0000000087d00000, 0x0000000087e00000|  0%| F|  |TS  0|AC  0|TAMS 0x0000000087d00000, 0x0000000087d00000|
|  98|0x0000000087e00000, 0x0000000087e00000, 0x0000000087f00000|  0%| F|  |TS  0|AC  0|TAMS 0x0000000087e00000, 0x0000000087e00000|
|  99|0x0000000087f00000, 0x0000000087f00000, 0x0000000088000000|  0%| F|  |TS  0|AC  0|TAMS 0x0000000087f00000, 0x0000000087f00000|
| 100|0x0000000088000000, 0x0000000088000000, 0x0000000088100000|  0%| F|  |TS  0|AC  0|TAMS 0x0000000088000000, 0x0000000088000000|
| 101|0x0000000088100000, 0x0000000088200000, 0x0000000088200000|100%| S|CS|TS  1|AC  0|TAMS 0x0000000088100000, 0x0000000088100000|
| 102|0x0000000088200000, 0x0000000088300000, 0x0000000088300000|100%| S|CS|TS  1|AC  0|TAMS 0x0000000088200000, 0x0000000088200000|
| 103|0x0000000088300000, 0x0000000088400000, 0x0000000088400000|100%| S|CS|TS  1|AC  0|TAMS 0x0000000088300000, 0x0000000088300000|
| 104|0x0000000088400000, 0x0000000088400000, 0x0000000088500000|  0%| F|  |TS  1|AC  0|TAMS 0x0000000088400000, 0x0000000088400000|
| 105|0x0000000088500000, 0x0000000088500000, 0x0000000088600000|  0%| F|  |TS  1|AC  0|TAMS 0x0000000088500000, 0x0000000088500000|
| 106|0x0000000088600000, 0x0000000088600000, 0x0000000088700000|  0%| F|  |TS  1|AC  0|TAMS 0x0000000088600000, 0x0000000088600000|
| 107|0x0000000088700000, 0x0000000088700000, 0x0000000088800000|  0%| F|  |TS  1|AC  0|TAMS 0x0000000088700000, 0x0000000088700000|
| 108|0x0000000088800000, 0x0000000088800000, 0x0000000088900000|  0%| F|  |TS  1|AC  0|TAMS 0x0000000088800000, 0x0000000088800000|
| 109|0x0000000088900000, 0x0000000088900000, 0x0000000088a00000|  0%| F|  |TS  1|AC  0|TAMS 0x0000000088900000, 0x0000000088900000|
| 110|0x0000000088a00000, 0x0000000088a00000, 0x0000000088b00000|  0%| F|  |TS  1|AC  0|TAMS 0x0000000088a00000, 0x0000000088a00000|
| 111|0x0000000088b00000, 0x0000000088b00000, 0x0000000088c00000|  0%| F|  |TS  1|AC  0|TAMS 0x0000000088b00000, 0x0000000088b00000|
| 112|0x0000000088c00000, 0x0000000088c00000, 0x0000000088d00000|  0%| F|  |TS  1|AC  0|TAMS 0x0000000088c00000, 0x0000000088c00000|
| 113|0x0000000088d00000, 0x0000000088d00000, 0x0000000088e00000|  0%| F|  |TS  1|AC  0|TAMS 0x0000000088d00000, 0x0000000088d00000|
| 114|0x0000000088e00000, 0x0000000088e00000, 0x0000000088f00000|  0%| F|  |TS  1|AC  0|TAMS 0x0000000088e00000, 0x0000000088e00000|
| 115|0x0000000088f00000, 0x0000000088f00000, 0x0000000089000000|  0%| F|  |TS  1|AC  0|TAMS 0x0000000088f00000, 0x0000000088f00000|
| 116|0x0000000089000000, 0x0000000089000000, 0x0000000089100000|  0%| F|  |TS  1|AC  0|TAMS 0x0000000089000000, 0x0000000089000000|
| 117|0x0000000089100000, 0x0000000089100000, 0x0000000089200000|  0%| F|  |TS  1|AC  0|TAMS 0x0000000089100000, 0x0000000089100000|
| 118|0x0000000089200000, 0x0000000089200000, 0x0000000089300000|  0%| F|  |TS  1|AC  0|TAMS 0x0000000089200000, 0x0000000089200000|
| 119|0x0000000089300000, 0x0000000089300000, 0x0000000089400000|  0%| F|  |TS  1|AC  0|TAMS 0x0000000089300000, 0x0000000089300000|
| 120|0x0000000089400000, 0x0000000089400000, 0x0000000089500000|  0%| F|  |TS  1|AC  0|TAMS 0x0000000089400000, 0x0000000089400000|
| 121|0x0000000089500000, 0x0000000089600000, 0x0000000089600000|100%| E|  |TS  1|AC  0|TAMS 0x0000000089500000, 0x0000000089500000|
| 122|0x0000000089600000, 0x0000000089700000, 0x0000000089700000|100%| E|CS|TS  1|AC  0|TAMS 0x0000000089600000, 0x0000000089600000|
| 123|0x0000000089700000, 0x0000000089800000, 0x0000000089800000|100%| E|CS|TS  1|AC  0|TAMS 0x0000000089700000, 0x0000000089700000|
| 124|0x0000000089800000, 0x0000000089900000, 0x0000000089900000|100%| E|CS|TS  1|AC  0|TAMS 0x0000000089800000, 0x0000000089800000|
| 125|0x0000000089900000, 0x0000000089a00000, 0x0000000089a00000|100%| E|CS|TS  1|AC  0|TAMS 0x0000000089900000, 0x0000000089900000|
| 126|0x0000000089a00000, 0x0000000089b00000, 0x0000000089b00000|100%| E|CS|TS  1|AC  0|TAMS 0x0000000089a00000, 0x0000000089a00000|
| 127|0x0000000089b00000, 0x0000000089c00000, 0x0000000089c00000|100%| E|CS|TS  1|AC  0|TAMS 0x0000000089b00000, 0x0000000089b00000|

Card table byte_map: [0x000002a2af460000,0x000002a2af860000] byte_map_base: 0x000002a2af052000

Marking Bits (Prev, Next): (CMBitMap*) 0x000002a294a29160, (CMBitMap*) 0x000002a294a29198
 Prev Bits: [0x000002a2afc60000, 0x000002a2b1bf0000)
 Next Bits: [0x000002a2b1bf0000, 0x000002a2b3b80000)

Polling page: 0x000002a292800000

CodeHeap 'non-profiled nmethods': size=120000Kb used=764Kb max_used=764Kb free=119235Kb
 bounds [0x000002a2a77f0000, 0x000002a2a7a60000, 0x000002a2aed20000]
CodeHeap 'profiled nmethods': size=120000Kb used=2827Kb max_used=2827Kb free=117173Kb
 bounds [0x000002a2a02c0000, 0x000002a2a0590000, 0x000002a2a77f0000]
CodeHeap 'non-nmethods': size=5760Kb used=1194Kb max_used=1215Kb free=4565Kb
 bounds [0x000002a29fd20000, 0x000002a29ff90000, 0x000002a2a02c0000]
 total_blobs=2510 nmethods=1599 adapters=459
 compilation: enabled

Compilation events (10 events):
Event: 6.002 Thread 0x000002a2b65f3000 1564   !   3       java.lang.ref.ReferenceQueue::enqueue (119 bytes)
Event: 6.006 Thread 0x000002a2b65f3000 nmethod 1564 0x000002a2a055f110 code [0x000002a2a055f320, 0x000002a2a055faf0]
Event: 6.006 Thread 0x000002a2b65f3000 1566       3       java.lang.ref.Reference::clear (6 bytes)
Event: 6.006 Thread 0x000002a2b65f3000 nmethod 1566 0x000002a2a055fc90 code [0x000002a2a055fe40, 0x000002a2a055ffb8]
Event: 6.006 Thread 0x000002a2b65f3000 1567   !   3       jdk.internal.ref.PhantomCleanable::remove (60 bytes)
Event: 6.007 Thread 0x000002a2b65f3000 nmethod 1567 0x000002a2a0560090 code [0x000002a2a0560260, 0x000002a2a0560778]
Event: 6.083 Thread 0x000002a2b65f3000 1568       3       com.map.Room::render (170 bytes)
Event: 6.084 Thread 0x000002a2b65f3000 nmethod 1568 0x000002a2a0560910 code [0x000002a2a0560c20, 0x000002a2a05621f0]
Event: 6.226 Thread 0x000002a2b65f3000 1569       3       java.util.ArrayList::fastRemove (44 bytes)
Event: 6.227 Thread 0x000002a2b65f3000 nmethod 1569 0x000002a2a0562910 code [0x000002a2a0562ae0, 0x000002a2a0562f10]

GC Heap History (2 events):
Event: 5.995 GC heap before
{Heap before GC invocations=0 (full 0):
 garbage-first heap   total 131072K, used 30720K [0x0000000081c00000, 0x0000000100000000)
  region size 1024K, 24 young (24576K), 0 survivors (0K)
 Metaspace       used 15262K, capacity 15585K, committed 15744K, reserved 1062912K
  class space    used 1487K, capacity 1652K, committed 1664K, reserved 1048576K
}
Event: 6.001 GC heap after
{Heap after GC invocations=1 (full 0):
 garbage-first heap   total 131072K, used 9316K [0x0000000081c00000, 0x0000000100000000)
  region size 1024K, 3 young (3072K), 3 survivors (3072K)
 Metaspace       used 15262K, capacity 15585K, committed 15744K, reserved 1062912K
  class space    used 1487K, capacity 1652K, committed 1664K, reserved 1048576K
}

Deoptimization events (8 events):
Event: 0.266 Thread 0x000002a294992800 Uncommon trap: reason=unstable_if action=reinterpret pc=0x000002a2a77f2b70 method=java.lang.String.hashCode()I @ 14 c2
Event: 0.521 Thread 0x000002a294992800 Uncommon trap: reason=unstable_if action=reinterpret pc=0x000002a2a7813018 method=java.lang.StringLatin1.replace([BCC)Ljava/lang/String; @ 19 c2
Event: 0.707 Thread 0x000002a294992800 Uncommon trap: reason=unstable_if action=reinterpret pc=0x000002a2a781ecfc method=java.nio.Buffer.hasRemaining()Z @ 8 c2
Event: 0.726 Thread 0x000002a294992800 Uncommon trap: reason=unstable_if action=reinterpret pc=0x000002a2a77fced4 method=java.util.HashMap.putVal(ILjava/lang/Object;Ljava/lang/Object;ZZ)Ljava/lang/Object; @ 69 c2
Event: 1.185 Thread 0x000002a294992800 Uncommon trap: reason=unstable_if action=reinterpret pc=0x000002a2a78432bc method=java.util.HashMap.hash(Ljava/lang/Object;)I @ 1 c2
Event: 1.400 Thread 0x000002a294992800 Uncommon trap: reason=unstable_if action=reinterpret pc=0x000002a2a7844c7c method=java.lang.AbstractStringBuilder.append(Ljava/lang/String;)Ljava/lang/AbstractStringBuilder; @ 1 c2
Event: 4.779 Thread 0x000002a2b79c2800 Uncommon trap: reason=unstable_if action=reinterpret pc=0x000002a2a7835b30 method=com.sun.imageio.plugins.png.PNGImageReader.paethPredictor(III)I @ 41 c2
Event: 4.783 Thread 0x000002a2b79c2800 Uncommon trap: reason=unstable_if action=reinterpret pc=0x000002a2a7872484 method=sun.java2d.loops.GraphicsPrimitiveMgr.locatePrim(ILsun/java2d/loops/SurfaceType;Lsun/java2d/loops/CompositeType;Lsun/java2d/loops/SurfaceType;)Lsun/java2d/loops/GraphicsPrim

Classes redefined (0 events):
No events

Internal exceptions (10 events):
Event: 1.185 Thread 0x000002a294992800 Implicit null exception at 0x000002a2a7841bfe to 0x000002a2a78432a6
Event: 1.215 Thread 0x000002a294992800 Exception <a 'java/lang/NoSuchMethodError'{0x0000000089160768}: java.lang.invoke.DirectMethodHandle$Holder.invokeStaticInit(Ljava/lang/Object;)V> (0x0000000089160768) thrown at [t:/workspace/open/src/hotspot/share/interpreter/linkResolver.cpp, line 741]
Event: 1.279 Thread 0x000002a294992800 Exception <a 'java/lang/NoSuchMethodError'{0x0000000088f50e30}: java.lang.invoke.DirectMethodHandle$Holder.invokeStatic(Ljava/lang/Object;Ljava/lang/Object;Ljava/lang/Object;Ljava/lang/Object;Ljava/lang/Object;Ljava/lang/Object;Ljava/lang/Object;Ljava/lan
Event: 1.282 Thread 0x000002a294992800 Exception <a 'java/lang/NoSuchMethodError'{0x0000000088f71520}: java.lang.invoke.DirectMethodHandle$Holder.invokeStatic(Ljava/lang/Object;Ljava/lang/Object;Ljava/lang/Object;Ljava/lang/Object;Ljava/lang/Object;Ljava/lang/Object;Ljava/lang/Object;Ljava/lan
Event: 1.286 Thread 0x000002a294992800 Exception <a 'java/lang/NoSuchMethodError'{0x0000000088f92eb0}: java.lang.invoke.DirectMethodHandle$Holder.invokeStatic(Ljava/lang/Object;Ljava/lang/Object;Ljava/lang/Object;Ljava/lang/Object;Ljava/lang/Object;Ljava/lang/Object;Ljava/lang/Object;Ljava/lan
Event: 1.400 Thread 0x000002a294992800 Implicit null exception at 0x000002a2a78446f4 to 0x000002a2a7844c62
Event: 1.400 Thread 0x000002a294992800 Exception <a 'java/io/FileNotFoundException'{0x0000000088fec2b8}> (0x0000000088fec2b8) thrown at [t:/workspace/open/src/hotspot/share/prims/jni.cpp, line 611]
Event: 1.418 Thread 0x000002a294992800 Exception <a 'java/io/FileNotFoundException'{0x0000000088ffe070}> (0x0000000088ffe070) thrown at [t:/workspace/open/src/hotspot/share/prims/jni.cpp, line 611]
Event: 1.434 Thread 0x000002a294992800 Exception <a 'java/io/FileNotFoundException'{0x0000000088e0fdb0}> (0x0000000088e0fdb0) thrown at [t:/workspace/open/src/hotspot/share/prims/jni.cpp, line 611]
Event: 1.441 Thread 0x000002a294992800 Exception <a 'java/io/FileNotFoundException'{0x0000000088e21488}> (0x0000000088e21488) thrown at [t:/workspace/open/src/hotspot/share/prims/jni.cpp, line 611]

Events (10 events):
Event: 6.005 Executing VM operation: RevokeBias
Event: 6.005 Executing VM operation: RevokeBias done
Event: 6.005 Executing VM operation: RevokeBias
Event: 6.005 Executing VM operation: RevokeBias done
Event: 6.005 Executing VM operation: RevokeBias
Event: 6.006 Executing VM operation: RevokeBias done
Event: 6.253 Executing VM operation: RevokeBias
Event: 6.254 Executing VM operation: RevokeBias done
Event: 6.254 loading class gnu/io/SerialPortEvent
Event: 6.254 loading class gnu/io/SerialPortEvent done


Dynamic libraries:
0x00007ff794230000 - 0x00007ff79426e000 	C:\Program Files\Java\jdk-10.0.2\bin\java.exe
0x00007ffb40620000 - 0x00007ffb40801000 	C:\WINDOWS\SYSTEM32\ntdll.dll
0x00007ffb3fd20000 - 0x00007ffb3fdd2000 	C:\WINDOWS\System32\KERNEL32.DLL
0x00007ffb3d830000 - 0x00007ffb3daa3000 	C:\WINDOWS\System32\KERNELBASE.dll
0x00007ffb40410000 - 0x00007ffb404b1000 	C:\WINDOWS\System32\ADVAPI32.dll
0x00007ffb3ef60000 - 0x00007ffb3effe000 	C:\WINDOWS\System32\msvcrt.dll
0x00007ffb3f000000 - 0x00007ffb3f05b000 	C:\WINDOWS\System32\sechost.dll
0x00007ffb3f090000 - 0x00007ffb3f1b4000 	C:\WINDOWS\System32\RPCRT4.dll
0x00007ffb3fb90000 - 0x00007ffb3fd20000 	C:\WINDOWS\System32\USER32.dll
0x00007ffb3c9f0000 - 0x00007ffb3ca10000 	C:\WINDOWS\System32\win32u.dll
0x00007ffb3f590000 - 0x00007ffb3f5b8000 	C:\WINDOWS\System32\GDI32.dll
0x00007ffb3cb90000 - 0x00007ffb3cd22000 	C:\WINDOWS\System32\gdi32full.dll
0x00007ffb3caf0000 - 0x00007ffb3cb8f000 	C:\WINDOWS\System32\msvcp_win.dll
0x00007ffb3cd30000 - 0x00007ffb3ce28000 	C:\WINDOWS\System32\ucrtbase.dll
0x00007ffb20de0000 - 0x00007ffb21049000 	C:\WINDOWS\WinSxS\amd64_microsoft.windows.common-controls_6595b64144ccf1df_6.0.17134.648_none_fb45a0e93062a6d2\COMCTL32.dll
0x00007ffb29e70000 - 0x00007ffb29e7a000 	C:\WINDOWS\SYSTEM32\VERSION.dll
0x00007ffb40060000 - 0x00007ffb40382000 	C:\WINDOWS\System32\combase.dll
0x00007ffb3ca70000 - 0x00007ffb3caea000 	C:\WINDOWS\System32\bcryptPrimitives.dll
0x00007ffb3f1c0000 - 0x00007ffb3f1ed000 	C:\WINDOWS\System32\IMM32.DLL
0x00007ffb13380000 - 0x00007ffb1346f000 	C:\Program Files\Java\jdk-10.0.2\bin\msvcr120.dll
0x00007ffb0b0e0000 - 0x00007ffb0b186000 	C:\Program Files\Java\jdk-10.0.2\bin\msvcp120.dll
0x0000000059730000 - 0x000000005a1a0000 	C:\Program Files\Java\jdk-10.0.2\bin\server\jvm.dll
0x00007ffb40400000 - 0x00007ffb40408000 	C:\WINDOWS\System32\PSAPI.DLL
0x00007ffb397b0000 - 0x00007ffb397d3000 	C:\WINDOWS\SYSTEM32\WINMM.dll
0x00007ffb29e80000 - 0x00007ffb29e89000 	C:\WINDOWS\SYSTEM32\WSOCK32.dll
0x00007ffb40390000 - 0x00007ffb403fc000 	C:\WINDOWS\System32\WS2_32.dll
0x00007ffb39780000 - 0x00007ffb397aa000 	C:\WINDOWS\SYSTEM32\WINMMBASE.dll
0x00007ffb3ce30000 - 0x00007ffb3ce79000 	C:\WINDOWS\System32\cfgmgr32.dll
0x00007ffb32b20000 - 0x00007ffb32b2f000 	C:\Program Files\Java\jdk-10.0.2\bin\verify.dll
0x00007ffb386a0000 - 0x00007ffb38869000 	C:\WINDOWS\SYSTEM32\DBGHELP.DLL
0x00007ffb35740000 - 0x00007ffb35769000 	C:\WINDOWS\SYSTEM32\dbgcore.DLL
0x00007ffb327b0000 - 0x00007ffb327d7000 	C:\Program Files\Java\jdk-10.0.2\bin\java.dll
0x00007ffb207d0000 - 0x00007ffb207fa000 	C:\Program Files\Java\jdk-10.0.2\bin\instrument.dll
0x00007ffb26a10000 - 0x00007ffb26a26000 	C:\Program Files\Java\jdk-10.0.2\bin\zip.dll
0x00007ffb27640000 - 0x00007ffb2764a000 	C:\Program Files\Java\jdk-10.0.2\bin\jimage.dll
0x00007ffb3dac0000 - 0x00007ffb3ef00000 	C:\WINDOWS\System32\SHELL32.dll
0x00007ffb3f440000 - 0x00007ffb3f4e9000 	C:\WINDOWS\System32\shcore.dll
0x00007ffb3ce80000 - 0x00007ffb3d58d000 	C:\WINDOWS\System32\windows.storage.dll
0x00007ffb3fde0000 - 0x00007ffb3fe31000 	C:\WINDOWS\System32\shlwapi.dll
0x00007ffb3c9d0000 - 0x00007ffb3c9e1000 	C:\WINDOWS\System32\kernel.appcore.dll
0x00007ffb3c950000 - 0x00007ffb3c96f000 	C:\WINDOWS\System32\profapi.dll
0x00007ffb3c980000 - 0x00007ffb3c9cc000 	C:\WINDOWS\System32\powrprof.dll
0x00007ffb3c970000 - 0x00007ffb3c97a000 	C:\WINDOWS\System32\FLTLIB.DLL
0x00007ffb258f0000 - 0x00007ffb2590a000 	C:\Program Files\Java\jdk-10.0.2\bin\net.dll
0x00007ffb38240000 - 0x00007ffb3831d000 	C:\WINDOWS\SYSTEM32\WINHTTP.dll
0x00007ffb3c1b0000 - 0x00007ffb3c216000 	C:\WINDOWS\system32\mswsock.dll
0x00007ffb23cb0000 - 0x00007ffb23cc1000 	C:\Program Files\Java\jdk-10.0.2\bin\nio.dll
0x00007ffb1edd0000 - 0x00007ffb1edea000 	C:\Program Files\JetBrains\IntelliJ IDEA Community Edition 2018.2.3\bin\breakgen64.dll
0x00007ffaebf20000 - 0x00007ffaec0bb000 	C:\Program Files\Java\jdk-10.0.2\bin\awt.dll
0x00007ffb40520000 - 0x00007ffb405e3000 	C:\WINDOWS\System32\OLEAUT32.dll
0x00007ffb39fe0000 - 0x00007ffb3a5a7000 	C:\WINDOWS\SYSTEM32\d2d1.dll
0x00007ffb3aca0000 - 0x00007ffb3ad2b000 	C:\WINDOWS\SYSTEM32\apphelp.dll
0x00007ffb3b0a0000 - 0x00007ffb3b0c9000 	C:\WINDOWS\system32\DWMAPI.DLL
0x00007ffb3ad70000 - 0x00007ffb3ae08000 	C:\WINDOWS\system32\uxtheme.dll
0x00007ffb16510000 - 0x00007ffb16630000 	C:\WINDOWS\system32\opengl32.dll
0x00007ffb164a0000 - 0x00007ffb164cc000 	C:\WINDOWS\SYSTEM32\GLU32.dll
0x00007ffb3f5c0000 - 0x00007ffb3f733000 	C:\WINDOWS\System32\MSCTF.dll
0x00007ffb3f2e0000 - 0x00007ffb3f431000 	C:\WINDOWS\System32\ole32.dll
0x00007ffb3c360000 - 0x00007ffb3c377000 	C:\WINDOWS\SYSTEM32\CRYPTSP.dll
0x00007ffb3bd90000 - 0x00007ffb3bdc3000 	C:\WINDOWS\system32\rsaenh.dll
0x00007ffb3c490000 - 0x00007ffb3c4b5000 	C:\WINDOWS\SYSTEM32\bcrypt.dll
0x00007ffb3c830000 - 0x00007ffb3c858000 	C:\WINDOWS\SYSTEM32\USERENV.dll
0x00007ffb3c380000 - 0x00007ffb3c38b000 	C:\WINDOWS\SYSTEM32\CRYPTBASE.dll
0x00007ffb3bf30000 - 0x00007ffb3bf68000 	C:\WINDOWS\SYSTEM32\IPHLPAPI.DLL
0x00007ffb3dab0000 - 0x00007ffb3dab8000 	C:\WINDOWS\System32\NSI.dll
0x00007ffb2e880000 - 0x00007ffb2e896000 	C:\WINDOWS\SYSTEM32\dhcpcsvc6.DLL
0x00007ffb2e930000 - 0x00007ffb2e94a000 	C:\WINDOWS\SYSTEM32\dhcpcsvc.DLL
0x00007ffb05700000 - 0x00007ffb05765000 	C:\Program Files\Java\jdk-10.0.2\bin\fontmanager.dll
0x00007ffb2ced0000 - 0x00007ffb2cf66000 	C:\WINDOWS\System32\TextInputFramework.dll
0x00007ffb37a30000 - 0x00007ffb37d4e000 	C:\WINDOWS\System32\CoreUIComponents.dll
0x00007ffb3aa90000 - 0x00007ffb3ab6a000 	C:\WINDOWS\System32\CoreMessaging.dll
0x00007ffb3ba20000 - 0x00007ffb3ba51000 	C:\WINDOWS\SYSTEM32\ntmarta.dll
0x00007ffb38a90000 - 0x00007ffb38bdd000 	C:\WINDOWS\SYSTEM32\wintypes.dll
0x0000000180000000 - 0x0000000180025000 	C:\Users\Plane\Desktop\My Stuff\Programming\DragonHacksSpring2019\DragonHacks19\rxtxSerial.dll

dbghelp: loaded successfully - version: 4.0.5 - missing functions: none
symbol engine: initialized successfully - sym options: 0x614 - pdb path: .;C:\Program Files\Java\jdk-10.0.2\bin;C:\WINDOWS\SYSTEM32;C:\WINDOWS\WinSxS\amd64_microsoft.windows.common-controls_6595b64144ccf1df_6.0.17134.648_none_fb45a0e93062a6d2;C:\Program Files\Java\jdk-10.0.2\bin\server;C:\Program Files\JetBrains\IntelliJ IDEA Community Edition 2018.2.3\bin;C:\Users\Plane\Desktop\My Stuff\Programming\DragonHacksSpring2019\DragonHacks19

VM Arguments:
jvm_args: -javaagent:C:\Program Files\JetBrains\IntelliJ IDEA Community Edition 2018.2.3\lib\idea_rt.jar=52870:C:\Program Files\JetBrains\IntelliJ IDEA Community Edition 2018.2.3\bin -Dfile.encoding=UTF-8 
java_command: com.core.Main
java_class_path (initial): C:\Users\Plane\Desktop\My Stuff\Programming\DragonHacksSpring2019\DragonHacks19\out\production\DragonHacks19;C:\Users\Plane\Desktop\RXTXcomm.jar
Launcher Type: SUN_STANDARD

Logging:
Log output configuration:
#0: stdout all=warning uptime,level,tags
#1: stderr all=off uptime,level,tags

Environment Variables:
PATH=C:\Program Files (x86)\Common Files\Oracle\Java\javapath;C:\Program Files (x86)\NVIDIA Corporation\PhysX\Common;C:\Program Files (x86)\Intel\Intel(R) Management Engine Components\iCLS\;C:\Program Files\Intel\Intel(R) Management Engine Components\iCLS\;C:\WINDOWS\system32;C:\WINDOWS;C:\WINDOWS\System32\Wbem;C:\WINDOWS\System32\WindowsPowerShell\v1.0\;C:\Program Files (x86)\Intel\Intel(R) Management Engine Components\DAL;C:\Program Files\Intel\Intel(R) Management Engine Components\DAL;C:\Program Files (x86)\Intel\Intel(R) Management Engine Components\IPT;C:\Program Files\Intel\Intel(R) Management Engine Components\IPT;C:\Program Files\Microsoft VS Code\bin;C:\Program Files\nodejs\;C:\WINDOWS\System32\OpenSSH\;C:\Program Files\Intel\WiFi\bin\;C:\Program Files\Common Files\Intel\WirelessCommon\;C:\Program Files (x86)\Gpg4win\..\GnuPG\bin;C:\Users\Plane\AppData\Local\Programs\Python\Python37-32\Scripts\;C:\Users\Plane\AppData\Local\Programs\Python\Python37-32\;C:\Users\Plane\AppData\Local\Microsoft\WindowsApps;C:\Users\Plane\AppData\Roaming\npm;C:\Users\Plane\AppData\Local\atom\bin;C:\Users\Plane\.lein\bin
USERNAME=Plane
OS=Windows_NT
PROCESSOR_IDENTIFIER=Intel64 Family 6 Model 142 Stepping 10, GenuineIntel



---------------  S Y S T E M  ---------------

OS: Windows 10 , 64 bit Build 17134 (10.0.17134.648)

CPU:total 8 (initial active 8) (4 cores per cpu, 2 threads per core) family 6 model 142 stepping 10, cmov, cx8, fxsr, mmx, sse, sse2, sse3, ssse3, sse4.1, sse4.2, popcnt, avx, avx2, aes, clmul, erms, 3dnowpref, lzcnt, ht, tsc, tscinvbit, bmi1, bmi2, adx, fma

Memory: 4k page, physical 8270308k(2066452k free), swap 12333540k(2965668k free)

vm_info: Java HotSpot(TM) 64-Bit Server VM (10.0.2+13) for windows-amd64 JRE (10.0.2+13), built on Jun 28 2018 01:57:56 by "mach5one" with MS VC++ 12.0 (VS2013)

END.
